CASAL (C++ algorithmic stock assessment laboratory)
Call: casal -e -o par.file -q 
Date: Wed Jun 22 10:03:08 2016
v2.30-2012-10-28 20:57:52 UTC (rev.4821)  (c) Copyright 2002-2012, NIWA
User name: marshc
Machine name: NIWA-1007004 (Microsoft Windows, PID=8648)

Random number seed : 46588

A male fish of size 50 cm has a weight of 0.799282 kg in your model. This size-weight scale check assumes that the growth curve is in centimetres, and that the catch is in tonnes.

A female fish of size 50 cm has a weight of 0.781336 kg in your model. This size-weight scale check assumes that the growth curve is in centimetres, and that the catch is in tonnes.

A male fish of size 50 cm has a weight of 0.799282 kg in your model. This size-weight scale check assumes that the growth curve is in centimetres, and that the catch is in tonnes.

A female fish of size 50 cm has a weight of 0.781336 kg in your model. This size-weight scale check assumes that the growth curve is in centimetres, and that the catch is in tonnes.

Estimation section :

Objective function: Bayes

Observations:

The observations are:
subaTANbiomassAPR
subaTANbiomassDEC
subaTANbiomassSEP
subaTANageAPR
subaTANageDEC
subaTANageSEP
subaOBSage
Fits follow:

subaTANbiomassAPR :
relative abundances in time step 2 using selectivity subaTANselB:
year obs     
1992    5028
1993    3221
1996    2026
1998    2554
objective function: lognormal likelihood, with cv = 
0.25 
0.244131 
0.233238 
0.269072 

subaTANbiomassDEC :
relative abundances in time step 1 after proportion 0.4 of mortality using selectivity subaTANselA:
year obs     
1992    5686
1993    1944
1994    2567
2001    2657
2002    2170
2003    1777
2004    1672
2005    1694
2006    1459
2007    1530
2008    2470
2009    2162
2010    1442
2012    2004
2013    1943
objective function: lognormal likelihood, with cv = 
0.474236 
0.233238 
0.233238 
0.256125 
0.282843 
0.256125 
0.304795 
0.29 
0.262488 
0.262488 
0.25 
0.262488 
0.282843 
0.304795 
0.320156 

subaTANbiomassSEP :
relative abundances in time step 3 after proportion 1 of mortality using selectivity subaTANselB:
year obs     
1992    3760
objective function: lognormal likelihood, with cv = 
0.25 

subaTANageAPR :
proportions-at-age in time step 2 using selectivity subaTANselB with ageing error (constrained to sum to 1):
obs (last class is a plus group):
class       3       4       5       6       7       8       9      10      11      12      13      14      15      16      17      18      19      20      21 
1992  0.0084   0.015  0.0129  0.0169  0.0319  0.0237  0.0636  0.0622  0.0822   0.117   0.119  0.1916  0.0643  0.0292  0.0597  0.0621  0.0229  0.0044  0.0128 
1993  0.0411   0.043  0.0425  0.0413  0.0292  0.0698  0.0267  0.1029   0.073  0.0648  0.1371  0.0529  0.0817  0.0938  0.0134  0.0618  0.0109  0.0062  0.0075 
1996  0.0104  0.0616  0.0673  0.0682  0.0642  0.0469  0.0587  0.0498  0.0612  0.0812  0.0456  0.0351  0.0233  0.0563  0.0416  0.0412  0.0517  0.0413  0.0942 
1998  0.0769  0.0885  0.0779  0.0788  0.1395  0.0535    0.07   0.078  0.0834  0.0643  0.0127  0.0002  0.0476  0.0287   0.029  0.0331  0.0111  0.0181  0.0088 
objective function: multinomial likelihood, with delta = 1e-011, N =
16 16 16 16 16 16 16 16 16 16 16 16 16 16 16 16 16 16 16 
16 16 16 16 16 16 16 16 16 16 16 16 16 16 16 16 16 16 16 
12 12 12 12 12 12 12 12 12 12 12 12 12 12 12 12 12 12 12 
13 13 13 13 13 13 13 13 13 13 13 13 13 13 13 13 13 13 13 

subaTANageDEC :
proportions-at-age in time step 1 after proportion 0.4 of mortality using selectivity subaTANselA with ageing error (constrained to sum to 1):
obs (last class is a plus group):
class       3       4       5       6       7       8       9      10      11      12      13      14      15      16      17      18      19      20      21 
1990  0.0019  0.0215  0.0275  0.0158  0.0568  0.0499  0.1001  0.2629  0.1331  0.1034  0.1294  0.0231  0.0272  0.0002  0.0132   0.011  0.0115  0.0002  0.0115 
1992  0.0213   0.035   0.042  0.0101  0.0255  0.0449   0.095  0.1354  0.0619  0.2855  0.0864  0.0746  0.0508   0.018  0.0129  0.0002  0.0002  0.0002  0.0002 
1993  0.0104  0.0435  0.0641  0.0625  0.0576  0.0398  0.0943  0.0586  0.0479  0.0858  0.1897  0.0945  0.0736  0.0319  0.0157  0.0002  0.0063  0.0064  0.0171 
1994   0.031  0.1306  0.1041  0.0186  0.0106  0.0459  0.0345  0.0644  0.0518  0.0281  0.0358  0.1525  0.0992   0.067  0.0502  0.0397  0.0255  0.0052  0.0052 
2001  0.0785  0.1866  0.1408  0.1011  0.0845   0.044  0.0274  0.0741  0.0488  0.0475  0.0238  0.0115   0.017  0.0248  0.0034   0.013  0.0099  0.0015  0.0617 
2002  0.0451  0.2763  0.1077  0.0613  0.0739  0.0454  0.0698  0.0293  0.0488  0.0517  0.0454  0.0305   0.026  0.0183   0.004  0.0221  0.0137  0.0002  0.0304 
2003  0.0172  0.2318  0.1036  0.0976   0.088  0.0648  0.0678   0.074  0.0429  0.0434  0.0316  0.0309  0.0321  0.0072  0.0173  0.0036  0.0055  0.0165  0.0242 
2004  0.0319  0.1448  0.1475  0.1015  0.1384  0.1486  0.0737  0.0343  0.0426  0.0312  0.0414  0.0153   0.006  0.0107  0.0002  0.0002  0.0093   0.008  0.0147 
2005  0.0083  0.0885  0.0926  0.0979  0.1544  0.1528  0.0725  0.1093  0.0293  0.0224  0.0347  0.0257  0.0281  0.0161  0.0149  0.0086  0.0078  0.0002   0.036 
2006  0.0263  0.1047  0.1482  0.1406  0.0966  0.1083  0.0926  0.0896   0.023  0.0781  0.0389  0.0104  0.0159  0.0047   0.002  0.0023   0.001   0.001  0.0157 
2007   0.106  0.1153    0.08  0.0675  0.0758  0.1056  0.0984  0.1125  0.0508  0.0681  0.0557  0.0131  0.0246  0.0002  0.0091  0.0096  0.0059  0.0002  0.0016 
2008  0.0993  0.1142  0.1035  0.0734  0.0911  0.0912    0.09  0.0774  0.0545  0.0644  0.0352  0.0429  0.0205  0.0126   0.016  0.0026  0.0059  0.0002   0.005 
2009  0.1408  0.2712  0.1572  0.0636  0.0537  0.0767  0.0348  0.0312  0.0243  0.0243  0.0162  0.0367  0.0127  0.0085  0.0157  0.0091  0.0002  0.0013   0.022 
2010  0.2373  0.3437  0.1528  0.0439  0.0199  0.0287  0.0344  0.0199  0.0266   0.018  0.0111  0.0216  0.0077  0.0234  0.0002  0.0035  0.0002  0.0002   0.007 
2012  0.0139  0.1752  0.1619  0.1173  0.0827  0.0573  0.0735   0.082  0.0387  0.0323  0.0351  0.0228  0.0177  0.0141  0.0263  0.0188  0.0045  0.0049  0.0208 
2013  0.0347   0.218  0.1783  0.0999  0.0856  0.0776  0.0659  0.0656  0.0432   0.018  0.0177  0.0203  0.0173  0.0053  0.0043  0.0179  0.0095  0.0129  0.0081 
objective function: multinomial likelihood, with delta = 1e-011, N =
19 19 19 19 19 19 19 19 19 19 19 19 19 19 19 19 19 19 19 
21 21 21 21 21 21 21 21 21 21 21 21 21 21 21 21 21 21 21 
30 30 30 30 30 30 30 30 30 30 30 30 30 30 30 30 30 30 30 
36 36 36 36 36 36 36 36 36 36 36 36 36 36 36 36 36 36 36 
58 58 58 58 58 58 58 58 58 58 58 58 58 58 58 58 58 58 58 
46 46 46 46 46 46 46 46 46 46 46 46 46 46 46 46 46 46 46 
52 52 52 52 52 52 52 52 52 52 52 52 52 52 52 52 52 52 52 
38 38 38 38 38 38 38 38 38 38 38 38 38 38 38 38 38 38 38 
30 30 30 30 30 30 30 30 30 30 30 30 30 30 30 30 30 30 30 
40 40 40 40 40 40 40 40 40 40 40 40 40 40 40 40 40 40 40 
51 51 51 51 51 51 51 51 51 51 51 51 51 51 51 51 51 51 51 
49 49 49 49 49 49 49 49 49 49 49 49 49 49 49 49 49 49 49 
59 59 59 59 59 59 59 59 59 59 59 59 59 59 59 59 59 59 59 
45 45 45 45 45 45 45 45 45 45 45 45 45 45 45 45 45 45 45 
49 49 49 49 49 49 49 49 49 49 49 49 49 49 49 49 49 49 49 
60 60 60 60 60 60 60 60 60 60 60 60 60 60 60 60 60 60 60 

subaTANageSEP :
proportions-at-age in time step 3 after proportion 1 of mortality using selectivity subaTANselB with ageing error (constrained to sum to 1):
obs (last class is a plus group):
class       3       4       5       6       7       8       9      10      11      12      13      14      15      16      17      18      19      20      21 
1992  0.0223  0.0198  0.0352  0.0467  0.0002  0.0567  0.0752  0.0514  0.0924  0.0981  0.2352   0.047  0.0737  0.0396  0.0613  0.0329  0.0055  0.0002  0.0066 
objective function: multinomial likelihood, with delta = 1e-011, N =
17 17 17 17 17 17 17 17 17 17 17 17 17 17 17 17 17 17 17 

subaOBSage :
catch proportions-at-age for fishery subaF  with ageing error (constrained to sum to 1):
obs (last class is a plus group):
class       3       4       5       6       7       8       9      10      11      12      13      14      15      16      17      18      19      20      21 
1990  0.0009  0.0028   0.008  0.0111  0.0464   0.058  0.1242  0.2473  0.1801   0.095  0.0724  0.0332  0.0407  0.0045  0.0051   0.022  0.0135  0.0002  0.0346 
1992  0.0042  0.0161    0.02  0.0187  0.0322  0.0714  0.0838  0.1011  0.0781  0.2151  0.0842  0.0992  0.0651  0.0261  0.0235  0.0319  0.0071  0.0102   0.012 
1993  0.0015  0.0052  0.0125   0.027  0.0186  0.0388  0.0569  0.0629  0.1019  0.1294   0.243  0.0822  0.0982  0.0332   0.029  0.0373  0.0012  0.0072   0.014 
1994  0.0103  0.0339  0.0497  0.0384  0.0208  0.0982  0.0322  0.0728  0.0463   0.061  0.0272  0.2749  0.0373  0.0883  0.0385  0.0285  0.0228  0.0087  0.0101 
1996  0.0035  0.0496  0.0831  0.0944  0.0255  0.0902  0.0283  0.0271  0.0565  0.0177   0.093  0.0303  0.0255  0.0815  0.0842  0.0737  0.0241  0.0128   0.099 
1998  0.0122  0.0252  0.0802  0.1256  0.0914  0.0832  0.0695  0.0943  0.0647  0.0585  0.0264   0.009  0.0392  0.0452  0.0171  0.0311  0.0335  0.0228  0.0707 
1999  0.0285  0.0598  0.0701  0.0828  0.0844  0.0852  0.1129  0.0746  0.0728  0.0787  0.0427  0.0337  0.0154  0.0165  0.0309  0.0341  0.0136  0.0197  0.0436 
2000  0.0039  0.0214   0.023   0.022  0.0794  0.1261  0.1348  0.1087  0.0933  0.0504  0.0521  0.0293  0.0164  0.0478  0.0292  0.0211  0.0249  0.0252  0.0908 
2001  0.0111  0.0553  0.0561  0.0711  0.0904  0.1041  0.1213  0.0923  0.0659  0.0581  0.0496  0.0338  0.0211   0.031  0.0079  0.0164  0.0106  0.0071  0.0966 
2002  0.0009  0.0165  0.0332  0.0308  0.0573  0.0902  0.1165  0.1312  0.1147  0.0653  0.0601  0.0479  0.0436  0.0247  0.0155  0.0267  0.0216  0.0162   0.087 
2003  0.0008  0.0144  0.0401  0.0467  0.1034  0.0873  0.1103  0.1064  0.1139  0.0746  0.0833  0.0455  0.0493  0.0174  0.0105  0.0157  0.0147  0.0229  0.0428 
2004  0.0002  0.0055  0.0274  0.0336  0.0493  0.0879  0.1434  0.0951  0.1086  0.1305  0.0898  0.0435  0.0438  0.0285  0.0087  0.0103  0.0154  0.0143  0.0641 
2005  0.0003  0.0032  0.0131  0.0525  0.1134  0.1254  0.0987  0.1603  0.1143  0.0579  0.0487  0.0351  0.0613  0.0163  0.0168  0.0105  0.0169  0.0051  0.0502 
2006  0.0002  0.0011  0.0236  0.1161  0.0887  0.1387  0.1349  0.1101  0.0912  0.1442  0.0419  0.0435  0.0167  0.0116   0.008  0.0007  0.0137  0.0002   0.015 
2007  0.0014  0.0044   0.011  0.0508  0.1144  0.1322  0.1651  0.0945  0.0907  0.1161  0.0421   0.035   0.039  0.0152  0.0234  0.0212  0.0048  0.0058   0.033 
2008  0.0006  0.0065  0.0313  0.0983  0.1166  0.1188  0.1409  0.1104  0.0845  0.0775  0.0579  0.0561  0.0282  0.0292  0.0197   0.003  0.0029  0.0002  0.0175 
2009  0.0015  0.0488  0.1173  0.1208  0.1327  0.0944  0.0762  0.0769  0.0594  0.0586  0.0393  0.0616  0.0393   0.016  0.0152  0.0107  0.0129  0.0005  0.0179 
2010  0.0024  0.0319  0.0939  0.1381  0.1441  0.0866  0.0821  0.0545  0.0528  0.0698  0.0485  0.0355  0.0455  0.0338  0.0306  0.0227  0.0093  0.0046  0.0134 
2011  0.0013  0.0037  0.0193  0.0739  0.1408  0.1493  0.1017    0.09  0.0487  0.0644  0.0668  0.0601  0.0233  0.0547  0.0319  0.0365  0.0226  0.0063  0.0049 
2012  0.0001  0.0056  0.0209  0.0324  0.0961  0.1748  0.1662  0.1059  0.0557  0.0504   0.051  0.0464   0.046  0.0313  0.0306    0.03  0.0221  0.0108  0.0239 
2013  0.0001   0.003  0.0124   0.057  0.1108  0.1492  0.1736  0.1059  0.0636  0.0435   0.038  0.0379  0.0553  0.0349  0.0175  0.0294  0.0229  0.0181  0.0269 
objective function: multinomial likelihood, with delta = 1e-011, N =
13 13 13 13 13 13 13 13 13 13 13 13 13 13 13 13 13 13 13 
34 34 34 34 34 34 34 34 34 34 34 34 34 34 34 34 34 34 34 
27 27 27 27 27 27 27 27 27 27 27 27 27 27 27 27 27 27 27 
9 9 9 9 9 9 9 9 9 9 9 9 9 9 9 9 9 9 9 
10 10 10 10 10 10 10 10 10 10 10 10 10 10 10 10 10 10 10 
16 16 16 16 16 16 16 16 16 16 16 16 16 16 16 16 16 16 16 
31 31 31 31 31 31 31 31 31 31 31 31 31 31 31 31 31 31 31 
49 49 49 49 49 49 49 49 49 49 49 49 49 49 49 49 49 49 49 
28 28 28 28 28 28 28 28 28 28 28 28 28 28 28 28 28 28 28 
41 41 41 41 41 41 41 41 41 41 41 41 41 41 41 41 41 41 41 
19 19 19 19 19 19 19 19 19 19 19 19 19 19 19 19 19 19 19 
36 36 36 36 36 36 36 36 36 36 36 36 36 36 36 36 36 36 36 
12 12 12 12 12 12 12 12 12 12 12 12 12 12 12 12 12 12 12 
41 41 41 41 41 41 41 41 41 41 41 41 41 41 41 41 41 41 41 
12 12 12 12 12 12 12 12 12 12 12 12 12 12 12 12 12 12 12 
32 32 32 32 32 32 32 32 32 32 32 32 32 32 32 32 32 32 32 
35 35 35 35 35 35 35 35 35 35 35 35 35 35 35 35 35 35 35 
61 61 61 61 61 61 61 61 61 61 61 61 61 61 61 61 61 61 61 
48 48 48 48 48 48 48 48 48 48 48 48 48 48 48 48 48 48 48 
83 83 83 83 83 83 83 83 83 83 83 83 83 83 83 83 83 83 83 
52 52 52 52 52 52 52 52 52 52 52 52 52 52 52 52 52 52 52 


Ageing_error:
  Misclassification matrix:
1 0 0 0 0 0 0 0 0 0 0 0 0 0 0 0 0 0 0 0 0 0 0 0 0 0 0 0 0 0 
0.00110432 0.997791 0.00110432 0 0 0 0 0 0 0 0 0 0 0 0 0 0 0 0 0 0 0 0 0 0 0 0 0 0 0 
0 0.0184686 0.963063 0.0184686 0 0 0 0 0 0 0 0 0 0 0 0 0 0 0 0 0 0 0 0 0 0 0 0 0 0 
0 1.33291e-005 0.0589419 0.88209 0.0589419 1.33291e-005 0 0 0 0 0 0 0 0 0 0 0 0 0 0 0 0 0 0 0 0 0 0 0 0 
0 0 0.000182198 0.105622 0.788391 0.105622 0.000182198 0 0 0 0 0 0 0 0 0 0 0 0 0 0 0 0 0 0 0 0 0 0 0 
0 0 0 0.00110432 0.14791 0.701971 0.14791 0.00110432 0 0 0 0 0 0 0 0 0 0 0 0 0 0 0 0 0 0 0 0 0 0 
0 0 0 2.44261e-005 0.00387259 0.182223 0.627761 0.182223 0.00387259 2.44261e-005 0 0 0 0 0 0 0 0 0 0 0 0 0 0 0 0 0 0 0 0 
0 0 0 0 0.000116517 0.00946372 0.207778 0.565283 0.207778 0.00946372 0.000116517 0 0 0 0 0 0 0 0 0 0 0 0 0 0 0 0 0 0 0 
0 0 0 0 8.39436e-006 0.000397293 0.0180629 0.225155 0.512753 0.225155 0.0180629 0.000397293 8.39436e-006 0 0 0 0 0 0 0 0 0 0 0 0 0 0 0 0 0 
0 0 0 0 0 3.12269e-005 0.00107309 0.0290638 0.23566 0.468343 0.23566 0.0290638 0.00107309 3.12269e-005 0 0 0 0 0 0 0 0 0 0 0 0 0 0 0 0 
0 0 0 0 0 0 9.51975e-005 0.0023832 0.041449 0.240823 0.430499 0.240823 0.041449 0.0023832 9.51975e-005 0 0 0 0 0 0 0 0 0 0 0 0 0 0 0 
0 0 0 0 0 0 1.33291e-005 0.000232503 0.0045345 0.0541749 0.242058 0.397974 0.242058 0.0541749 0.0045345 0.000232503 1.33291e-005 0 0 0 0 0 0 0 0 0 0 0 0 0 
0 0 0 0 0 0 0 3.56693e-005 0.000516713 0.00763296 0.066399 0.240523 0.369785 0.240523 0.066399 0.00763296 0.000516713 3.56693e-005 0 0 0 0 0 0 0 0 0 0 0 0 
0 0 0 0 0 0 0 7.36618e-006 7.74801e-005 0.00101947 0.0116561 0.0775553 0.237104 0.345161 0.237104 0.0775553 0.0116561 0.00101947 7.74801e-005 7.36618e-006 0 0 0 0 0 0 0 0 0 0 
0 0 0 0 0 0 0 0 1.76561e-005 0.000164542 0.00181897 0.0164674 0.0873361 0.232449 0.323492 0.232449 0.0873361 0.0164674 0.00181897 0.000164542 1.76561e-005 0 0 0 0 0 0 0 0 0 
0 0 0 0 0 0 0 0 0 3.87715e-005 0.000319118 0.00298092 0.0218567 0.0956335 0.227024 0.304295 0.227024 0.0956335 0.0218567 0.00298092 0.000319118 3.87715e-005 0 0 0 0 0 0 0 0 
0 0 0 0 0 0 0 0 0 1.04247e-005 6.83431e-005 0.000571623 0.00454606 0.027585 0.102474 0.221153 0.287182 0.221153 0.102474 0.027585 0.00454606 0.000571623 6.83431e-005 1.04247e-005 0 0 0 0 0 0 
0 0 0 0 0 0 0 0 0 0 2.13275e-005 0.000127981 0.000955007 0.00652332 0.0334223 0.107964 0.215066 0.27184 0.215066 0.107964 0.0334223 0.00652332 0.000955007 0.000127981 2.13275e-005 0 0 0 0 0 
0 0 0 0 0 0 0 0 0 0 6.92567e-006 3.4127e-005 0.000224984 0.00150093 0.00888965 0.0391707 0.112248 0.208917 0.258015 0.208917 0.112248 0.0391707 0.00888965 0.00150093 0.000224984 3.4127e-005 6.92567e-006 0 0 0 
0 0 0 0 0 0 0 0 0 0 0 1.33291e-005 6.14503e-005 0.000373715 0.0022358 0.0115952 0.0446758 0.115484 0.202813 0.245497 0.202813 0.115484 0.0446758 0.0115952 0.0022358 0.000373715 6.14503e-005 1.33291e-005 0 0 
0 0 0 0 0 0 0 0 0 0 0 0 2.44261e-005 0.000105139 0.000589978 0.00317747 0.0145716 0.0498277 0.117823 0.196824 0.234112 0.196824 0.117823 0.0498277 0.0145716 0.00317747 0.000589978 0.000105139 2.44261e-005 0 
0 0 0 0 0 0 0 0 0 0 0 0 9.12527e-006 3.36727e-005 0.000171714 0.000889804 0.00433324 0.0177408 0.0545572 0.119409 0.190997 0.223717 0.190997 0.119409 0.0545572 0.0177408 0.00433324 0.000889804 0.000171714 4.2798e-005 
0 0 0 0 0 0 0 0 0 0 0 0 0 1.60064e-005 5.59581e-005 0.000268799 0.00128808 0.00569933 0.0210234 0.0588282 0.120366 0.18536 0.214189 0.18536 0.120366 0.0588282 0.0210234 0.00569933 0.00128808 0.000340763 
0 0 0 0 0 0 0 0 0 0 0 0 0 6.68143e-006 2.03709e-005 8.94644e-005 0.000404808 0.00179721 0.0072617 0.0243448 0.0626301 0.120803 0.179928 0.205427 0.179928 0.120803 0.0626301 0.0243448 0.0072617 0.00231854 
0 0 0 0 0 0 0 0 0 0 0 0 0 0 1.1275e-005 3.29002e-005 0.000138023 0.00058849 0.00242606 0.00899788 0.027639 0.065971 0.120814 0.17471 0.197342 0.17471 0.120814 0.065971 0.027639 0.0121946 
0 0 0 0 0 0 0 0 0 0 0 0 0 0 0 1.8441e-005 5.14322e-005 0.000206045 0.000828398 0.0031792 0.0108793 0.030851 0.0688713 0.120477 0.169707 0.18986 0.169707 0.120477 0.0688713 0.0460139 
0 0 0 0 0 0 0 0 0 0 0 0 0 0 0 8.39436e-006 2.09008e-005 7.8003e-005 0.000298389 0.00113233 0.0040567 0.0128739 0.0339374 0.0713592 0.119858 0.164918 0.182918 0.164918 0.119858 0.123765 
0 0 0 0 0 0 0 0 0 0 0 0 0 0 0 0 1.33291e-005 3.19602e-005 0.000115011 0.000420167 0.0015068 0.00505418 0.0149481 0.0368657 0.0734671 0.119012 0.160336 0.176458 0.160336 0.251435 
0 0 0 0 0 0 0 0 0 0 0 0 0 0 0 0 6.52628e-006 1.41161e-005 4.76164e-005 0.000165183 0.000576517 0.00195667 0.00616333 0.0170691 0.0396137 0.0752289 0.117985 0.155956 0.170434 0.414783 
0 0 0 0 0 0 0 0 0 0 0 0 0 0 0 0 0 1.00903e-005 2.11366e-005 6.92336e-005 0.000231508 0.000772348 0.00248477 0.00737261 0.0192065 0.0421674 0.0766787 0.116814 0.15177 0.582402 

Free parameters:

q[subaTANqA].q
lognormal with mean 0.16, c.v. 0.79 : bounds from 0.01 to 0.4
current value: 0.041
lower bound: 0.01
upper bound: 0.4

q[subaTANqB].q
lognormal with mean 0.16, c.v. 0.79 : bounds from 0.01 to 0.4
current value: 0.055
lower bound: 0.01
upper bound: 0.4

q[subaTANqC].q
lognormal with mean 0.16, c.v. 0.79 : bounds from 0.01 to 0.4
current value: 0.055
lower bound: 0.01
upper bound: 0.4

initialization.B0
uniform-log: bounds from 5000 to 350000
current value: 100000
lower bound: 5000
upper bound: 350000

natural_mortality.ogive_all (parameters)
uniform:
bounds of
3 0.01 0.01 0.01 
15 0.6 1 1 
current values: 8 0.18 0.25 0.5 
lower bounds: 3 0.01 0.01 0.01 
upper bounds: 15 0.6 1 1 

recruitment.YCS
lognormal with means 1 1 1 1 1 1 1 1 1 1 1 1 1 1 1 1 1 1 1 1 1 1 1 1 1 1 1 1 1 1 1 1 1 1 1 1 1 1 1 1 c.v.s 1.1 1.1 1.1 1.1 1.1 1.1 1.1 1.1 1.1 1.1 1.1 1.1 1.1 1.1 1.1 1.1 1.1 1.1 1.1 1.1 1.1 1.1 1.1 1.1 1.1 1.1 1.1 1.1 1.1 1.1 1.1 1.1 1.1 1.1 1.1 1.1 1.1 1.1 1.1 1.1 :
bounds of
0.01 0.01 0.01 0.01 0.01 0.01 0.01 0.01 0.01 0.01 0.01 0.01 0.01 0.01 0.01 0.01 0.01 0.01 0.01 0.01 0.01 0.01 0.01 0.01 0.01 0.01 0.01 0.01 0.01 0.01 0.01 0.01 0.01 0.01 0.01 0.01 0.01 0.01 0.01 0.01 
100 100 100 100 100 100 100 100 100 100 100 100 100 100 100 100 100 100 100 100 100 100 100 100 100 100 100 100 100 100 100 100 100 100 100 100 100 5 5 5 
current values: 1 1 1 1 1.92 1.11 0.78 0.71 1 0.38 0.89 0.66 1.08 0.84 1.06 1.06 1.19 1.31 1.71 0.93 1.92 1 1 1 1 1 1 1 1 1 1 1 1 1 1 1 1 1 1 1 
lower bounds: 0.01 0.01 0.01 0.01 0.01 0.01 0.01 0.01 0.01 0.01 0.01 0.01 0.01 0.01 0.01 0.01 0.01 0.01 0.01 0.01 0.01 0.01 0.01 0.01 0.01 0.01 0.01 0.01 0.01 0.01 0.01 0.01 0.01 0.01 0.01 0.01 0.01 0.01 0.01 0.01 
upper bounds: 100 100 100 100 100 100 100 100 100 100 100 100 100 100 100 100 100 100 100 100 100 100 100 100 100 100 100 100 100 100 100 100 100 100 100 100 100 5 5 5 

selectivity[subaTANselA].all (parameters)
uniform:
bounds of
1 1 1 
25 50 200 
current values: 6 3 10 
lower bounds: 1 1 1 
upper bounds: 25 50 200 

selectivity[subaTANselB].all (parameters)
uniform:
bounds of
1 1 1 
25 50 200 
current values: 6 3 10 
lower bounds: 1 1 1 
upper bounds: 25 50 200 

selectivity[subaFsel].all (parameters)
uniform:
bounds of
1 1 1 
25 50 200 
current values: 6 3 10 
lower bounds: 1 1 1 
upper bounds: 25 50 200 


Q's:
qs are treated as ordinary free parameters
subaTANqB has current value 0.055
subaTANqA has current value 0.041
subaTANqC has current value 0.055

Penalties:
subaCatchMustBeTaken :
Catch limit penalty of 1000 x the sum of squares of (log(actual catch) - log(specified catch)) for fishery subaF to disencourage breaking exploitation rate limits
YCS_average_1 :
Vector average penalty of 100 x square of (mean(recruitment.YCS) - 1) 

Components of the objective function are:
  subaTANbiomassAPR
  subaTANbiomassDEC
  subaTANbiomassSEP
  subaTANageAPR
  subaTANageDEC
  subaTANageSEP
  subaOBSage
  prior_on_q[subaTANqA].q
  prior_on_q[subaTANqB].q
  prior_on_q[subaTANqC].q
  prior_on_initialization.B0
  prior_on_natural_mortality.ogive_all
  prior_on_recruitment.YCS
  prior_on_selectivity[subaTANselA].all
  prior_on_selectivity[subaTANselB].all
  prior_on_selectivity[subaFsel].all
  subaCatchMustBeTaken
  YCS_average_1

Random number seed : 46588


Minimiser achieved convergence after 58 quasi-Newton iterations using 81 objective function evaluations

The following parameters were estimated at or near a bound:
Parameter        Estimate  lower_bound  upper_bound
selectivity[subaTANselA].all[2]  1.00005  1  50

Start extracting output from here

Point estimate:
q[subaTANqA].q
current value: 0.041804
lower bound: 0.01
upper bound: 0.4

q[subaTANqB].q
current value: 0.0534649
lower bound: 0.01
upper bound: 0.4

q[subaTANqC].q
current value: 0.0536379
lower bound: 0.01
upper bound: 0.4

initialization.B0
current value: 64436.2
lower bound: 5000
upper bound: 350000

natural_mortality.ogive_all (parameters)
current values: 8.08215 0.0866355 0.635888 0.653827 
lower bounds: 3 0.01 0.01 0.01 
upper bounds: 15 0.6 1 1 

recruitment.YCS
current values: 0.38107 0.447653 1.64987 0.483341 3.11418 0.356154 5.12368 0.323905 0.393145 0.982413 0.440088 0.3813 0.29977 0.434506 0.427337 0.482462 0.647967 0.634403 0.761424 0.560761 0.648284 0.76131 0.644251 0.681409 0.736239 0.631792 0.437045 0.467807 0.45026 0.633555 0.842731 0.881316 0.899895 0.863082 0.727564 0.695881 0.32088 0.396039 0.396035 0.396031 
lower bounds: 0.01 0.01 0.01 0.01 0.01 0.01 0.01 0.01 0.01 0.01 0.01 0.01 0.01 0.01 0.01 0.01 0.01 0.01 0.01 0.01 0.01 0.01 0.01 0.01 0.01 0.01 0.01 0.01 0.01 0.01 0.01 0.01 0.01 0.01 0.01 0.01 0.01 0.01 0.01 0.01 
upper bounds: 100 100 100 100 100 100 100 100 100 100 100 100 100 100 100 100 100 100 100 100 100 100 100 100 100 100 100 100 100 100 100 100 100 100 100 100 100 5 5 5 

selectivity[subaTANselA].all (parameters)
current values: 4.35216 1.00005 26.2252 
lower bounds: 1 1 1 
upper bounds: 25 50 200 

selectivity[subaTANselB].all (parameters)
current values: 10.2441 4.27577 11.9831 
lower bounds: 1 1 1 
upper bounds: 25 50 200 

selectivity[subaFsel].all (parameters)
current values: 9.13694 2.4315 19.9698 
lower bounds: 1 1 1 
upper bounds: 25 50 200 


In a format suitable for -i :

q[subaTANqA].q q[subaTANqB].q q[subaTANqC].q initialization.B0 natural_mortality.ogive_all 4 recruitment.YCS 40 selectivity[subaTANselA].all 3 selectivity[subaTANselB].all 3 selectivity[subaFsel].all 3 
0.041804 0.0534649 0.0536379 64436.2 8.08215 0.0866355 0.635888 0.653827 0.38107 0.447653 1.64987 0.483341 3.11418 0.356154 5.12368 0.323905 0.393145 0.982413 0.440088 0.3813 0.29977 0.434506 0.427337 0.482462 0.647967 0.634403 0.761424 0.560761 0.648284 0.76131 0.644251 0.681409 0.736239 0.631792 0.437045 0.467807 0.45026 0.633555 0.842731 0.881316 0.899895 0.863082 0.727564 0.695881 0.32088 0.396039 0.396035 0.396031 4.35216 1.00005 26.2252 10.2441 4.27577 11.9831 9.13694 2.4315 19.9698 

Objective function : 818.188

Components :
                                 subaTANbiomassAPR -4.31471
                                 subaTANbiomassDEC -13.0133
                                 subaTANbiomassSEP -1.3804
                                     subaTANageAPR 59.835
                                     subaTANageDEC 358.503
                                     subaTANageSEP 15.1431
                                        subaOBSage 404.855
                           prior_on_q[subaTANqA].q -1.92789
                           prior_on_q[subaTANqB].q -2.17736
                           prior_on_q[subaTANqC].q -2.17981
                        prior_on_initialization.B0 11.0734
              prior_on_natural_mortality.ogive_all 0
                          prior_on_recruitment.YCS -11.4751
             prior_on_selectivity[subaTANselA].all 0
             prior_on_selectivity[subaTANselB].all 0
                prior_on_selectivity[subaFsel].all 0
                              subaCatchMustBeTaken 0
                                     YCS_average_1 5.24772

Fits : 

The observations are:
subaTANbiomassAPR
subaTANbiomassDEC
subaTANbiomassSEP
subaTANageAPR
subaTANageDEC
subaTANageSEP
subaOBSage
Fits follow:

subaTANbiomassAPR :
relative (with q = 0.0534649) abundances in time step 2 using selectivity subaTANselB:
year obs     fits    resids  Pearson_resids Normalised_resids 
1992    5028 4169.73 858.274 0.823339 0.88329
1993    3221 3709.62 -488.617 -0.539531 -0.4667
1996    2026 2685.96 -659.959 -1.05346 -1.11007
1998    2554 2241.71 312.294 0.517746 0.625503
objective function: lognormal likelihood, with cv = 
0.25 
0.244131 
0.233238 
0.269072 

subaTANbiomassDEC :
relative (with q = 0.041804) abundances in time step 1 after proportion 0.4 of mortality using selectivity subaTANselA:
year obs     fits    resids  Pearson_resids Normalised_resids 
1992    5686 3664.58 2021.42 1.16315 1.20054
1993    1944  3358.1 -1414.1 -1.80545 -2.25994
1994    2567 3088.61 -521.606 -0.72407 -0.688646
2001    2657 2042.54 614.461 1.17455 1.16942
2002    2170 1995.52 174.479 0.30913 0.440859
2003    1777 1946.18 -169.18 -0.339402 -0.23475
2004    1672 1864.61 -192.606 -0.338902 -0.216781
2005    1694 1785.06 -91.062 -0.175908 -0.0421777
2006    1459 1729.07 -270.065 -0.595042 -0.528864
2007    1530 1719.58 -189.575 -0.420001 -0.323462
2008    2470  1754.6 715.401 1.63092 1.51202
2009    2162 1789.53 372.473 0.792953 0.861578
2010    1442 1839.02 -397.02 -0.763275 -0.737951
2012    2004 1964.54 39.4647 0.0659084 0.215757
2013    1943 1985.62 -42.6239 -0.0670493 0.0867223
objective function: lognormal likelihood, with cv = 
0.474236 
0.233238 
0.233238 
0.256125 
0.282843 
0.256125 
0.304795 
0.29 
0.262488 
0.262488 
0.25 
0.262488 
0.282843 
0.304795 
0.320156 

subaTANbiomassSEP :
relative (with q = 0.0536379) abundances in time step 3 after proportion 1 of mortality using selectivity subaTANselB:
year obs     fits    resids  Pearson_resids Normalised_resids 
1992    3760 4076.94 -316.94 -0.310959 -0.205569
objective function: lognormal likelihood, with cv = 
0.25 

subaTANageAPR :
proportions-at-age in time step 2 using selectivity subaTANselB with ageing error (constrained to sum to 1):
obs (last class is a plus group):
class       3       4       5       6       7       8       9      10      11      12      13      14      15      16      17      18      19      20      21 
1992  0.0084   0.015  0.0129  0.0169  0.0319  0.0237  0.0636  0.0622  0.0822   0.117   0.119  0.1916  0.0643  0.0292  0.0597  0.0621  0.0229  0.0044  0.0128 
1993  0.0411   0.043  0.0425  0.0413  0.0292  0.0698  0.0267  0.1029   0.073  0.0648  0.1371  0.0529  0.0817  0.0938  0.0134  0.0618  0.0109  0.0062  0.0075 
1996  0.0104  0.0616  0.0673  0.0682  0.0642  0.0469  0.0587  0.0498  0.0612  0.0812  0.0456  0.0351  0.0233  0.0563  0.0416  0.0412  0.0517  0.0413  0.0942 
1998  0.0769  0.0885  0.0779  0.0788  0.1395  0.0535    0.07   0.078  0.0834  0.0643  0.0127  0.0002  0.0476  0.0287   0.029  0.0331  0.0111  0.0181  0.0088 
fits (last class is a plus group):
class       3       4       5       6       7       8       9      10      11      12      13      14      15      16      17      18      19      20      21 
1992 0.0208336 0.0231518 0.0271658 0.0260861 0.0357364 0.0539113 0.0706917 0.0662086 0.11378 0.170933 0.137722 0.0891347 0.0601546 0.0369293 0.0220354 0.0134779 0.00912036 0.00701518 0.0159114 
1993 0.0312632 0.0291499 0.0321821 0.0360425 0.034171 0.0428299 0.0587468 0.0705421 0.0684375 0.105929 0.148902 0.123683 0.0801703 0.0522605 0.0320312 0.0186957 0.0112007 0.00725195 0.0165098 
1996 0.0363692 0.0585265 0.0622995 0.0707144 0.0647146 0.0613573 0.0559768 0.0461658 0.0445672 0.0498471 0.0531836 0.0552498 0.0693457 0.0828677 0.071768 0.0481141 0.0290352 0.0171038 0.0227936 
1998 0.052093 0.0551347 0.0637863 0.0908022 0.0935256 0.091985 0.0758523 0.060603 0.0482795 0.0376368 0.033788 0.0349511 0.0358613 0.0367289 0.0415214 0.0453427 0.0393111 0.0270264 0.0357707 
resids (last class is a plus group):
class       3       4       5       6       7       8       9      10      11      12      13      14      15      16      17      18      19      20      21 
1992 -0.0124336 -0.00815179 -0.0142658 -0.0091861 -0.00383635 -0.0302113 -0.00709166 -0.00400857 -0.0315805 -0.0539335 -0.0187221 0.102465 0.00414536 -0.00772934 0.0376646 0.0486221 0.0137796 -0.00261518 -0.00311135 
1993 0.00983681 0.0138501 0.0103179 0.00525745 -0.00497102 0.0269701 -0.0320468 0.0323579 0.00456247 -0.0411294 -0.0118023 -0.0707831 0.00152968 0.0415395 -0.0186312 0.0431043 -0.000300661 -0.00105195 -0.00900982 
1996 -0.0259692 0.00307351 0.00500052 -0.00251442 -0.000514578 -0.0144573 0.00272316 0.00363419 0.0166328 0.0313529 -0.00758357 -0.0201498 -0.0460457 -0.0265677 -0.030168 -0.00691407 0.0226648 0.0241962 0.0714064 
1998 0.024807 0.0333653 0.0141137 -0.0120022 0.0459744 -0.038485 -0.00585234 0.017397 0.0351205 0.0266632 -0.021088 -0.0347511 0.0117387 -0.00802886 -0.0125214 -0.0122427 -0.0282111 -0.00892643 -0.0269707 
pearson_resids (last class is a plus group):
class       3       4       5       6       7       8       9      10      11      12      13      14      15      16      17      18      19      20      21 
1992 -0.348214 -0.216824 -0.351014 -0.230529 -0.0826658 -0.535086 -0.110674 -0.0644864 -0.397808 -0.573073 -0.217314 1.43842 0.0697364 -0.163941 1.02629 1.68667 0.579804 -0.125335 -0.0994578 
1993 0.226097 0.329319 0.233856 0.112823 -0.109453 0.532812 -0.545129 0.505476 0.0722781 -0.534586 -0.132613 -0.860011 0.022532 0.746604 -0.423237 1.27294 -0.0114278 -0.0495916 -0.282826 
1996 -0.480538 0.045357 0.071669 -0.0339782 -0.00724551 -0.208687 0.0410363 0.0599931 0.279221 0.499059 -0.117069 -0.305518 -0.627879 -0.333839 -0.404896 -0.111917 0.467603 0.646455  1.6574 
1998 0.402507 0.527071 0.208239 -0.15061 0.569304 -0.480129 -0.0796977 0.26289 0.590739 0.505136 -0.420813 -0.682236 0.227619 -0.153903 -0.226307 -0.212165 -0.523411 -0.198474 -0.523613 
objective function: multinomial likelihood, with delta = 1e-011, N =
16 16 16 16 16 16 16 16 16 16 16 16 16 16 16 16 16 16 16 
16 16 16 16 16 16 16 16 16 16 16 16 16 16 16 16 16 16 16 
12 12 12 12 12 12 12 12 12 12 12 12 12 12 12 12 12 12 12 
13 13 13 13 13 13 13 13 13 13 13 13 13 13 13 13 13 13 13 

subaTANageDEC :
proportions-at-age in time step 1 after proportion 0.4 of mortality using selectivity subaTANselA with ageing error (constrained to sum to 1):
obs (last class is a plus group):
class       3       4       5       6       7       8       9      10      11      12      13      14      15      16      17      18      19      20      21 
1990  0.0019  0.0215  0.0275  0.0158  0.0568  0.0499  0.1001  0.2629  0.1331  0.1034  0.1294  0.0231  0.0272  0.0002  0.0132   0.011  0.0115  0.0002  0.0115 
1992  0.0213   0.035   0.042  0.0101  0.0255  0.0449   0.095  0.1354  0.0619  0.2855  0.0864  0.0746  0.0508   0.018  0.0129  0.0002  0.0002  0.0002  0.0002 
1993  0.0104  0.0435  0.0641  0.0625  0.0576  0.0398  0.0943  0.0586  0.0479  0.0858  0.1897  0.0945  0.0736  0.0319  0.0157  0.0002  0.0063  0.0064  0.0171 
1994   0.031  0.1306  0.1041  0.0186  0.0106  0.0459  0.0345  0.0644  0.0518  0.0281  0.0358  0.1525  0.0992   0.067  0.0502  0.0397  0.0255  0.0052  0.0052 
2001  0.0785  0.1866  0.1408  0.1011  0.0845   0.044  0.0274  0.0741  0.0488  0.0475  0.0238  0.0115   0.017  0.0248  0.0034   0.013  0.0099  0.0015  0.0617 
2002  0.0451  0.2763  0.1077  0.0613  0.0739  0.0454  0.0698  0.0293  0.0488  0.0517  0.0454  0.0305   0.026  0.0183   0.004  0.0221  0.0137  0.0002  0.0304 
2003  0.0172  0.2318  0.1036  0.0976   0.088  0.0648  0.0678   0.074  0.0429  0.0434  0.0316  0.0309  0.0321  0.0072  0.0173  0.0036  0.0055  0.0165  0.0242 
2004  0.0319  0.1448  0.1475  0.1015  0.1384  0.1486  0.0737  0.0343  0.0426  0.0312  0.0414  0.0153   0.006  0.0107  0.0002  0.0002  0.0093   0.008  0.0147 
2005  0.0083  0.0885  0.0926  0.0979  0.1544  0.1528  0.0725  0.1093  0.0293  0.0224  0.0347  0.0257  0.0281  0.0161  0.0149  0.0086  0.0078  0.0002   0.036 
2006  0.0263  0.1047  0.1482  0.1406  0.0966  0.1083  0.0926  0.0896   0.023  0.0781  0.0389  0.0104  0.0159  0.0047   0.002  0.0023   0.001   0.001  0.0157 
2007   0.106  0.1153    0.08  0.0675  0.0758  0.1056  0.0984  0.1125  0.0508  0.0681  0.0557  0.0131  0.0246  0.0002  0.0091  0.0096  0.0059  0.0002  0.0016 
2008  0.0993  0.1142  0.1035  0.0734  0.0911  0.0912    0.09  0.0774  0.0545  0.0644  0.0352  0.0429  0.0205  0.0126   0.016  0.0026  0.0059  0.0002   0.005 
2009  0.1408  0.2712  0.1572  0.0636  0.0537  0.0767  0.0348  0.0312  0.0243  0.0243  0.0162  0.0367  0.0127  0.0085  0.0157  0.0091  0.0002  0.0013   0.022 
2010  0.2373  0.3437  0.1528  0.0439  0.0199  0.0287  0.0344  0.0199  0.0266   0.018  0.0111  0.0216  0.0077  0.0234  0.0002  0.0035  0.0002  0.0002   0.007 
2012  0.0139  0.1752  0.1619  0.1173  0.0827  0.0573  0.0735   0.082  0.0387  0.0323  0.0351  0.0228  0.0177  0.0141  0.0263  0.0188  0.0045  0.0049  0.0208 
2013  0.0347   0.218  0.1783  0.0999  0.0856  0.0776  0.0659  0.0656  0.0432   0.018  0.0177  0.0203  0.0173  0.0053  0.0043  0.0179  0.0095  0.0129  0.0081 
fits (last class is a plus group):
class       3       4       5       6       7       8       9      10      11      12      13      14      15      16      17      18      19      20      21 
1990 0.0301401 0.0466622 0.0495961 0.0557897 0.0721303 0.0504115 0.100413 0.177202 0.128661 0.0868742 0.062434 0.0388309 0.0250193 0.0162703 0.0128744 0.0113923 0.00949887 0.00739534 0.0184043 
1992 0.0407443 0.0771341 0.0640953 0.0423813 0.0424745 0.0516515 0.0613418 0.054538 0.0914449 0.137435 0.111518 0.0733563 0.0504406 0.0317955 0.0196686 0.0126595 0.00917879 0.0075127 0.0206291 
1993 0.0575217 0.092412 0.0711607 0.0565348 0.0399666 0.0398765 0.0482263 0.0551821 0.0529759 0.0822226 0.116109 0.0974675 0.0645935 0.043201 0.0273182 0.0166373 0.0105516 0.0073709 0.020672 
1994 0.0608298 0.127463 0.0839642 0.0624474 0.050164 0.0372185 0.0365262 0.0432177 0.0481382 0.0487877 0.0707233 0.0945279 0.0812815 0.0545837 0.0356075 0.02246 0.01351 0.00840313 0.0201464 
2001 0.0789445 0.155353 0.129904 0.118992 0.0909379 0.0739606 0.069439 0.0572093 0.0436506 0.0316844 0.0227213 0.0169356 0.0130579 0.0111984 0.0108136 0.0108924 0.0111605 0.0118299 0.0413162 
2002 0.0699017 0.167445 0.133934 0.109426 0.100102 0.0785638 0.0635861 0.0577132 0.0474347 0.0358129 0.0258505 0.0183563 0.0134647 0.0102702 0.00861649 0.0080712 0.00794836 0.00795815 0.0355454 
2003 0.0517824 0.151754 0.146892 0.115894 0.0969408 0.0878168 0.0696007 0.0556976 0.0490981 0.0401547 0.0300758 0.0215469 0.0151507 0.0109317 0.008224 0.00673976 0.00611823 0.00586937 0.0297115 
2004 0.0554595 0.115061 0.13669 0.128607 0.104817 0.0882141 0.0780743 0.0618855 0.0489913 0.042085 0.0341491 0.0254101 0.0180481 0.0125635 0.00891676 0.00659901 0.00527597 0.00463756 0.0245151 
2005 0.0571626 0.123944 0.105993 0.118333 0.113696 0.0942222 0.0784485 0.0676111 0.0535232 0.0419971 0.0352077 0.0282704 0.0209058 0.0147108 0.0101317 0.00707028 0.00513407 0.00399784 0.01964 
2006 0.0790031 0.123711 0.108166 0.091954 0.101594 0.0984455 0.0818273 0.0671797 0.0566648 0.0447569 0.0348134 0.028505 0.0225993 0.0166004 0.0115674 0.00787326 0.00539804 0.00383625 0.0155048 
2007 0.101396 0.162014 0.104328 0.0862187 0.0763912 0.0829338 0.0799177 0.0661997 0.0536805 0.0444355 0.0349292 0.0269181 0.0215399 0.0168282 0.0122665 0.00846017 0.00568398 0.00382561 0.0120336 
2008 0.10106 0.200247 0.130083 0.0825746 0.0680883 0.0618377 0.0653272 0.0622717 0.0514607 0.0412997 0.0335817 0.0262058 0.0199947 0.0156468 0.0120275 0.00868795 0.0059289 0.00392827 0.00974847 
2009 0.0975107 0.200932 0.160199 0.10266 0.0670927 0.0547359 0.049756 0.0508487 0.0478771 0.0394846 0.031376 0.025074 0.0193863 0.0146347 0.0112113 0.0084698 0.00605564 0.00408926 0.00860602 
2010 0.0899313 0.195996 0.163666 0.125982 0.0835957 0.0555511 0.0443911 0.0399799 0.0396681 0.0368759 0.0303306 0.023863 0.0187464 0.0143317 0.0106931 0.00802294 0.00594913 0.00420309 0.00822306 
2012 0.0701066 0.156296 0.155136 0.134394 0.112511 0.0890757 0.0613167 0.0408427 0.0313245 0.0274705 0.0258904 0.0233631 0.0190406 0.0146709 0.0111355 0.00827621 0.00600402 0.00432069 0.00882453 
2013 0.0383298 0.152383 0.139231 0.133061 0.118664 0.100561 0.0790927 0.0544643 0.0361523 0.0272352 0.0234466 0.0215629 0.0191372 0.0154929 0.0118115 0.00881443 0.00644575 0.00460268 0.00951149 
resids (last class is a plus group):
class       3       4       5       6       7       8       9      10      11      12      13      14      15      16      17      18      19      20      21 
1990 -0.0282401 -0.0251622 -0.0220961 -0.0399897 -0.0153303 -0.0005115 -0.000312945 0.0856981 0.0044387 0.0165258 0.066966 -0.0157309 0.00218073 -0.0160703 0.000325584 -0.000392324 0.00200113 -0.00719534 -0.0069043 
1992 -0.0194443 -0.0421341 -0.0220953 -0.0322813 -0.0169745 -0.00675154 0.0336582 0.080862 -0.0295449 0.148065 -0.0251182 0.00124368 0.000359398 -0.0137955 -0.00676858 -0.0124595 -0.00897879 -0.0073127 -0.0204291 
1993 -0.0471217 -0.048912 -0.00706069 0.00596516 0.0176334 -7.65176e-005 0.0460737 0.0034179 -0.0050759 0.00357738 0.0735914 -0.00296749 0.00900648 -0.011301 -0.0116182 -0.0164373 -0.00425157 -0.000970898 -0.00357203 
1994 -0.0298298 0.00313721 0.0201358 -0.0438474 -0.039564 0.00868146 -0.00202621 0.0211823 0.00366179 -0.0206877 -0.0349233 0.0579721 0.0179185 0.0124163 0.0145925 0.01724 0.01199 -0.00320313 -0.0149464 
2001 -0.00044453 0.0312474 0.0108963 -0.0178918 -0.00643792 -0.0299606 -0.042039 0.0168907 0.00514944 0.0158156 0.00107866 -0.0054356 0.00394213 0.0136016 -0.00741355 0.00210757 -0.00126049 -0.0103299 0.0203838 
2002 -0.0248017 0.108855 -0.0262338 -0.0481257 -0.026202 -0.0331638 0.00621392 -0.0284132 0.00136528 0.0158871 0.0195495 0.0121437 0.0125353 0.00802982 -0.00461649 0.0140288 0.00575164 -0.00775815 -0.00514535 
2003 -0.0345824 0.0800458 -0.0432924 -0.0182944 -0.00894076 -0.0230168 -0.00180069 0.0183024 -0.00619805 0.00324526 0.00152422 0.00935309 0.0169493 -0.00373174 0.009076 -0.00313976 -0.000618232 0.0106306 -0.00551146 
2004 -0.0235595 0.029739 0.0108101 -0.0271069 0.0335825 0.0603859 -0.00437427 -0.0275855 -0.00639132 -0.010885 0.00725086 -0.0101101 -0.0120481 -0.00186345 -0.00871676 -0.00639901 0.00402403 0.00336244 -0.00981511 
2005 -0.0488626 -0.0354437 -0.0133933 -0.0204332 0.0407035 0.0585778 -0.00594849 0.0416889 -0.0242232 -0.0195971 -0.000507654 -0.0025704 0.00719415 0.00138917 0.00476835 0.00152972 0.00266593 -0.00379784 0.01636 
2006 -0.0527031 -0.0190108 0.0400339 0.048646 -0.00499377 0.00985451 0.0107727 0.0224203 -0.0336648 0.0333431 0.0040866 -0.018105 -0.0066993 -0.0119004 -0.00956745 -0.00557326 -0.00439804 -0.00283625 0.000195209 
2007 0.00460397 -0.046714 -0.0243277 -0.0187187 -0.000591172 0.0226662 0.0184823 0.0463003 -0.00288052 0.0236645 0.0207708 -0.0138181 0.00306013 -0.0166282 -0.00316646 0.00113983 0.000216018 -0.00362561 -0.0104336 
2008 -0.00176011 -0.0860468 -0.0265831 -0.00917463 0.0230117 0.0293623 0.0246728 0.0151283 0.00303931 0.0231003 0.00161834 0.0166942 0.000505335 -0.00304678 0.00397254 -0.00608795 -2.88988e-005 -0.00372827 -0.00474847 
2009 0.0432893 0.0702677 -0.00299853 -0.0390603 -0.0133927 0.0219641 -0.014956 -0.0196487 -0.0235771 -0.0151846 -0.015176 0.011626 -0.00668633 -0.00613468 0.00448868 0.000630199 -0.00585564 -0.00278926 0.013394 
2010 0.147369 0.147704 -0.0108662 -0.0820817 -0.0636957 -0.0268511 -0.0099911 -0.0200799 -0.0130681 -0.0188759 -0.0192306 -0.00226302 -0.0110464 0.00906826 -0.0104931 -0.00452294 -0.00574913 -0.00400309 -0.00122306 
2012 -0.0562066 0.0189041 0.00676434 -0.0170944 -0.0298113 -0.0317757 0.0121833 0.0411573 0.00737546 0.00482951 0.00920958 -0.000563145 -0.00134065 -0.000570898 0.0151645 0.0105238 -0.00150402 0.000579306 0.0119755 
2013 -0.00362985 0.0656171 0.0390687 -0.0331607 -0.0330641 -0.0229612 -0.0131927 0.0111357 0.0070477 -0.00923524 -0.00574661 -0.00126286 -0.00183719 -0.0101929 -0.00751154 0.00908557 0.00305425 0.00829732 -0.00141149 
pearson_resids (last class is a plus group):
class       3       4       5       6       7       8       9      10      11      12      13      14      15      16      17      18      19      20      21 
1990 -0.719973 -0.520019 -0.443624 -0.759475 -0.258301 -0.0101904 -0.00453867 0.978289 0.057785 0.255758 1.20648 -0.35493 0.0608617 -0.553688 0.012589 -0.016114 0.0899267 -0.366067 -0.223908 
1992 -0.450714 -0.723688 -0.413409 -0.734306 -0.385715 -0.139794 0.64279 1.63186 -0.469717 1.97068 -0.36568 0.0218596 0.00752547 -0.360314 -0.223375 -0.510703 -0.431457 -0.388085 -0.658636 
1993 -1.10849 -0.925055 -0.150424 0.141469 0.493064 -0.0021419 1.17789 0.0819873 -0.124123 0.0713281 1.25822 -0.054801 0.200688 -0.304452 -0.39038 -0.703871 -0.227906 -0.06217 -0.137506 
1994 -0.748809 0.0564431 0.435628 -1.08728 -1.0875 0.27517 -0.0648056 0.625009 0.102639 -0.576196 -0.817359 1.18892 0.393429 0.327945 0.47248 0.698098 0.623159 -0.210541 -0.638276 
2001 -0.0125549 0.656948 0.246831 -0.420842 -0.170526 -0.871866 -1.25948 0.553887 0.191942 0.687652 0.0551282 -0.320827 0.264461 0.984405 -0.545905 0.154637 -0.0913796 -0.727618 0.780014 
2002 -0.659708 1.97736 -0.52242 -1.04559 -0.5921 -0.835987 0.172715 -0.826361 0.0435618 0.579862 0.835538 0.613565 0.737664 0.540179 -0.33877 1.06338 0.439303 -0.592197 -0.188478 
2003 -1.12541 1.60883 -0.881884 -0.412131 -0.217904 -0.586432 -0.0510268 0.575489 -0.206851 0.119201 0.0643536 0.464509 1.00058 -0.258795 0.724682 -0.276723 -0.0571706 1.00356 -0.234075 
2004 -0.634541 0.574511 0.193986 -0.499151 0.675822 1.31254 -0.100507 -0.705749 -0.182528 -0.33419 0.246114 -0.396034 -0.55789 -0.103134 -0.571595 -0.487195 0.342413 0.305078 -0.391255 
2005 -1.15282 -0.589143 -0.238308 -0.346491 0.702309 1.09826 -0.121176 0.909438 -0.589475 -0.535131 -0.0150867 -0.0849421 0.275419 0.0631996 0.260795 0.0999985 0.204313 -0.329651 0.645774 
2006 -1.23571 -0.365176 0.81521 1.06472 -0.104542 0.209205 0.248567 0.56644 -0.920908 1.01988 0.140998 -0.688095 -0.285086 -0.589072 -0.565892 -0.398821 -0.379617 -0.290172 0.00999285 
2007 0.108924 -0.905393 -0.568344 -0.476255 -0.015894 0.586946 0.486751 1.32988 -0.0912701 0.820137 0.807913 -0.609728 0.150533 -0.923203 -0.205438 0.0888751 0.0205204 -0.419419 -0.683362 
2008 -0.0408773 -1.50512 -0.553165 -0.233334 0.639476 0.853339 0.698939 0.438231 0.0962958 0.812644 0.0628831 0.731526 0.02527 -0.171851 0.255098 -0.459204 -0.00263501 -0.417215 -0.338307 
2009 1.12088 1.34699 -0.0627938 -0.988513 -0.411186 0.741697 -0.528324 -0.686994 -0.848216 -0.598914 -0.668661 0.571162 -0.372492 -0.392399 0.327464 0.0528219 -0.579748 -0.335724 1.11381 
2010 3.45556 2.49601 -0.197021 -1.65935 -1.54376 -0.786381 -0.32541 -0.687553 -0.449145 -0.671896 -0.752223 -0.0994665 -0.546358 0.511818 -0.684373 -0.340102 -0.501507 -0.41508 -0.0908512 
2012 -1.54095 0.364405 0.13079 -0.350834 -0.660388 -0.780859 0.355479  1.4556 0.296385 0.206831 0.405942 -0.0260967 -0.0686666 -0.0332382 1.01159 0.813128 -0.136282 0.0618258 0.896333 
2013 -0.146448 1.41425 0.874164 -0.756276 -0.791957 -0.591383 -0.378647 0.380099 0.29245 -0.439495 -0.29417 -0.0673457 -0.103869 -0.639288 -0.538557 0.752928 0.29563 0.949532 -0.112643 
objective function: multinomial likelihood, with delta = 1e-011, N =
19 19 19 19 19 19 19 19 19 19 19 19 19 19 19 19 19 19 19 
21 21 21 21 21 21 21 21 21 21 21 21 21 21 21 21 21 21 21 
30 30 30 30 30 30 30 30 30 30 30 30 30 30 30 30 30 30 30 
36 36 36 36 36 36 36 36 36 36 36 36 36 36 36 36 36 36 36 
58 58 58 58 58 58 58 58 58 58 58 58 58 58 58 58 58 58 58 
46 46 46 46 46 46 46 46 46 46 46 46 46 46 46 46 46 46 46 
52 52 52 52 52 52 52 52 52 52 52 52 52 52 52 52 52 52 52 
38 38 38 38 38 38 38 38 38 38 38 38 38 38 38 38 38 38 38 
30 30 30 30 30 30 30 30 30 30 30 30 30 30 30 30 30 30 30 
40 40 40 40 40 40 40 40 40 40 40 40 40 40 40 40 40 40 40 
51 51 51 51 51 51 51 51 51 51 51 51 51 51 51 51 51 51 51 
49 49 49 49 49 49 49 49 49 49 49 49 49 49 49 49 49 49 49 
59 59 59 59 59 59 59 59 59 59 59 59 59 59 59 59 59 59 59 
45 45 45 45 45 45 45 45 45 45 45 45 45 45 45 45 45 45 45 
49 49 49 49 49 49 49 49 49 49 49 49 49 49 49 49 49 49 49 
60 60 60 60 60 60 60 60 60 60 60 60 60 60 60 60 60 60 60 

subaTANageSEP :
proportions-at-age in time step 3 after proportion 1 of mortality using selectivity subaTANselB with ageing error (constrained to sum to 1):
obs (last class is a plus group):
class       3       4       5       6       7       8       9      10      11      12      13      14      15      16      17      18      19      20      21 
1992  0.0223  0.0198  0.0352  0.0467  0.0002  0.0567  0.0752  0.0514  0.0924  0.0981  0.2352   0.047  0.0737  0.0396  0.0613  0.0329  0.0055  0.0002  0.0066 
fits (last class is a plus group):
class       3       4       5       6       7       8       9      10      11      12      13      14      15      16      17      18      19      20      21 
1992 0.0334083 0.0297328 0.0318389 0.0350974 0.0330768 0.0415334 0.057393 0.0692478 0.0676563 0.105499 0.148673 0.123899 0.0808136 0.053011 0.0326987 0.0192365 0.0116362 0.00762827 0.0179199 
resids (last class is a plus group):
class       3       4       5       6       7       8       9      10      11      12      13      14      15      16      17      18      19      20      21 
1992 -0.0111083 -0.00993284 0.00336109 0.0116026 -0.0328768 0.0151666 0.017807 -0.0178478 0.0247437 -0.00739938 0.0865272 -0.0768989 -0.00711359 -0.013411 0.0286013 0.0136635 -0.0061362 -0.00742827 -0.0113199 
pearson_resids (last class is a plus group):
class       3       4       5       6       7       8       9      10      11      12      13      14      15      16      17      18      19      20      21 
1992 -0.254873 -0.241121 0.0789316 0.259957 -0.757977 0.31342 0.315661 -0.28986 0.406207 -0.0993126  1.0028 -0.962352 -0.107614 -0.246792 0.663078 0.410148 -0.235917 -0.352016 -0.351824 
objective function: multinomial likelihood, with delta = 1e-011, N =
17 17 17 17 17 17 17 17 17 17 17 17 17 17 17 17 17 17 17 

subaOBSage :
catch proportions-at-age for fishery subaF  with ageing error (constrained to sum to 1):
obs (last class is a plus group):
class       3       4       5       6       7       8       9      10      11      12      13      14      15      16      17      18      19      20      21 
1990  0.0009  0.0028   0.008  0.0111  0.0464   0.058  0.1242  0.2473  0.1801   0.095  0.0724  0.0332  0.0407  0.0045  0.0051   0.022  0.0135  0.0002  0.0346 
1992  0.0042  0.0161    0.02  0.0187  0.0322  0.0714  0.0838  0.1011  0.0781  0.2151  0.0842  0.0992  0.0651  0.0261  0.0235  0.0319  0.0071  0.0102   0.012 
1993  0.0015  0.0052  0.0125   0.027  0.0186  0.0388  0.0569  0.0629  0.1019  0.1294   0.243  0.0822  0.0982  0.0332   0.029  0.0373  0.0012  0.0072   0.014 
1994  0.0103  0.0339  0.0497  0.0384  0.0208  0.0982  0.0322  0.0728  0.0463   0.061  0.0272  0.2749  0.0373  0.0883  0.0385  0.0285  0.0228  0.0087  0.0101 
1996  0.0035  0.0496  0.0831  0.0944  0.0255  0.0902  0.0283  0.0271  0.0565  0.0177   0.093  0.0303  0.0255  0.0815  0.0842  0.0737  0.0241  0.0128   0.099 
1998  0.0122  0.0252  0.0802  0.1256  0.0914  0.0832  0.0695  0.0943  0.0647  0.0585  0.0264   0.009  0.0392  0.0452  0.0171  0.0311  0.0335  0.0228  0.0707 
1999  0.0285  0.0598  0.0701  0.0828  0.0844  0.0852  0.1129  0.0746  0.0728  0.0787  0.0427  0.0337  0.0154  0.0165  0.0309  0.0341  0.0136  0.0197  0.0436 
2000  0.0039  0.0214   0.023   0.022  0.0794  0.1261  0.1348  0.1087  0.0933  0.0504  0.0521  0.0293  0.0164  0.0478  0.0292  0.0211  0.0249  0.0252  0.0908 
2001  0.0111  0.0553  0.0561  0.0711  0.0904  0.1041  0.1213  0.0923  0.0659  0.0581  0.0496  0.0338  0.0211   0.031  0.0079  0.0164  0.0106  0.0071  0.0966 
2002  0.0009  0.0165  0.0332  0.0308  0.0573  0.0902  0.1165  0.1312  0.1147  0.0653  0.0601  0.0479  0.0436  0.0247  0.0155  0.0267  0.0216  0.0162   0.087 
2003  0.0008  0.0144  0.0401  0.0467  0.1034  0.0873  0.1103  0.1064  0.1139  0.0746  0.0833  0.0455  0.0493  0.0174  0.0105  0.0157  0.0147  0.0229  0.0428 
2004  0.0002  0.0055  0.0274  0.0336  0.0493  0.0879  0.1434  0.0951  0.1086  0.1305  0.0898  0.0435  0.0438  0.0285  0.0087  0.0103  0.0154  0.0143  0.0641 
2005  0.0003  0.0032  0.0131  0.0525  0.1134  0.1254  0.0987  0.1603  0.1143  0.0579  0.0487  0.0351  0.0613  0.0163  0.0168  0.0105  0.0169  0.0051  0.0502 
2006  0.0002  0.0011  0.0236  0.1161  0.0887  0.1387  0.1349  0.1101  0.0912  0.1442  0.0419  0.0435  0.0167  0.0116   0.008  0.0007  0.0137  0.0002   0.015 
2007  0.0014  0.0044   0.011  0.0508  0.1144  0.1322  0.1651  0.0945  0.0907  0.1161  0.0421   0.035   0.039  0.0152  0.0234  0.0212  0.0048  0.0058   0.033 
2008  0.0006  0.0065  0.0313  0.0983  0.1166  0.1188  0.1409  0.1104  0.0845  0.0775  0.0579  0.0561  0.0282  0.0292  0.0197   0.003  0.0029  0.0002  0.0175 
2009  0.0015  0.0488  0.1173  0.1208  0.1327  0.0944  0.0762  0.0769  0.0594  0.0586  0.0393  0.0616  0.0393   0.016  0.0152  0.0107  0.0129  0.0005  0.0179 
2010  0.0024  0.0319  0.0939  0.1381  0.1441  0.0866  0.0821  0.0545  0.0528  0.0698  0.0485  0.0355  0.0455  0.0338  0.0306  0.0227  0.0093  0.0046  0.0134 
2011  0.0013  0.0037  0.0193  0.0739  0.1408  0.1493  0.1017    0.09  0.0487  0.0644  0.0668  0.0601  0.0233  0.0547  0.0319  0.0365  0.0226  0.0063  0.0049 
2012  0.0001  0.0056  0.0209  0.0324  0.0961  0.1748  0.1662  0.1059  0.0557  0.0504   0.051  0.0464   0.046  0.0313  0.0306    0.03  0.0221  0.0108  0.0239 
2013  0.0001   0.003  0.0124   0.057  0.1108  0.1492  0.1736  0.1059  0.0636  0.0435   0.038  0.0379  0.0553  0.0349  0.0175  0.0294  0.0229  0.0181  0.0269 
fits (last class is a plus group):
class       3       4       5       6       7       8       9      10      11      12      13      14      15      16      17      18      19      20      21 
1990 0.00153577 0.00325616 0.00932142 0.025446 0.0509938 0.0496013 0.122064 0.218336 0.159206 0.108263 0.0780512 0.0486808 0.0314071 0.020411 0.0161145 0.0142151 0.0118035 0.00913905 0.0221556 
1992 0.00214172 0.0053577 0.0113566 0.0176444 0.0327152 0.0564528 0.0756626 0.0693829 0.11766  0.1772 0.14404 0.0950143 0.0654159 0.041227 0.025464 0.0163267 0.011765 0.00956911 0.0256041 
1993 0.00317955 0.00666201 0.0138288 0.0238587 0.030911 0.0452387 0.063094 0.0745002 0.0721773 0.112803 0.159533 0.134029 0.0889058 0.059457 0.03754 0.0227914 0.0143756 0.00996097 0.027155 
1994 0.00369729 0.0098638 0.0173598 0.0295212 0.0413139 0.0439534 0.0515232 0.0632316 0.0709275 0.0723211 0.105336 0.140937 0.121204 0.0813682 0.0530194 0.0333626 0.0199856 0.0123511 0.0287242 
1996 0.00405208 0.0140202 0.0280287 0.0491665 0.0603794 0.0671495 0.0634819 0.0513942 0.0490325 0.0552533 0.0598385 0.0640679 0.0829883 0.100878 0.0889494 0.0614701 0.0386254 0.0237379 0.0374864 
1998 0.00566578 0.0133796 0.0299856 0.0653066 0.0899686 0.103094 0.0880228 0.0691153 0.0544027 0.0426889 0.0390006 0.041255 0.0435542 0.0465755 0.0549527 0.0615858 0.0545838 0.0387407 0.0581219 
1999 0.00521961 0.0162019 0.0317991 0.0588455 0.101625 0.115025 0.107551 0.0821145 0.060808 0.0469635 0.0367682 0.0329013 0.0337208 0.0350869 0.0370757 0.0420057 0.045392 0.04012 0.0707767 
2000 0.00548729 0.0151783 0.0377884 0.0614967 0.091929 0.12584 0.119518 0.0972553 0.0714923 0.0520904 0.0395763 0.0308049 0.0269755 0.0267886 0.0273956 0.0284539 0.0310337 0.0324006 0.0784953 
2001 0.00606496 0.0156691 0.0360034 0.0718647 0.0961081 0.114164 0.125855 0.107658 0.0828724 0.0604636 0.0435286 0.0325175 0.0250821 0.0214756 0.0206669 0.020707 0.0210597 0.0221553 0.0760843 
2002 0.00545201 0.0170222 0.0363577 0.0684169 0.109148 0.119773 0.115243 0.109561 0.090803 0.0689131 0.0499235 0.0355339 0.0260847 0.0198723 0.0166162 0.0154849 0.0151446 0.0150312 0.0656193 
2003 0.0039163 0.0153534 0.0387311 0.0681362 0.103514 0.13212 0.121631 0.102363 0.0911063 0.074865 0.0562727 0.040401 0.028429 0.0204946 0.0153727 0.0125314 0.0112952 0.0107425 0.0527251 
2004 0.00393253 0.0113802 0.0355436 0.0725077 0.104025 0.126117 0.130855 0.108097 0.0864103 0.0746241 0.0607462 0.0452899 0.0321881 0.0223871 0.0158483 0.0116734 0.00926533 0.0080702 0.0410392 
2005 0.00394272 0.0111957 0.0272812 0.0674639 0.110759 0.128735 0.126505 0.114064 0.091086 0.071876 0.0604824 0.0486587 0.0360068 0.0253207 0.0174015 0.0120963 0.0087302 0.00673922 0.0316553 
2006 0.00540188 0.0112629 0.0261129 0.052546 0.102322 0.135923 0.131272 0.112996 0.0961952 0.0763588 0.0596235 0.0489283 0.0388149 0.0284927 0.0198151 0.0134398 0.00916561 0.00646445 0.0248657 
2007 0.00746213 0.0151874 0.0267926 0.0502945 0.0817955 0.12498 0.137668 0.118715 0.0971685 0.0808625 0.0637888 0.0492747 0.0394654 0.0308172 0.0224245 0.0154196 0.0103129 0.0068969 0.0206742 
2008 0.00816548 0.020649 0.0349544 0.0514974 0.0775973 0.101375 0.124949 0.123211 0.102643 0.0828226 0.0675905 0.0528507 0.04035 0.0315527 0.0242072 0.0174319 0.0118437 0.00780062 0.0185082 
2009 0.00850229 0.0229704 0.0472735 0.0664483 0.0800619 0.0955853 0.102004 0.108834 0.103274 0.0855843 0.0682586 0.0546642 0.0422876 0.0318934 0.0243782 0.0183571 0.0130685 0.00877575 0.0177787 
2010 0.008156 0.0233618 0.0517669 0.0866724 0.10051 0.0977548 0.0937368 0.0883186 0.0884325 0.0825886 0.0681574 0.0537414 0.0422507 0.0322779 0.0240302 0.017967 0.013265 0.00932284 0.0176888 
2011 0.00668983 0.0216502 0.0507566 0.0918705 0.125043 0.119872 0.0958214 0.0791964 0.0712321 0.0692173 0.0636476 0.0522517 0.040722 0.0314281 0.0236662 0.0173659 0.0127015 0.00918152 0.0176868 
2012 0.00582506 0.0175201 0.0459899 0.088182 0.129957 0.144507 0.116772 0.0821978 0.0637663 0.056248 0.0532111 0.0481069 0.0392284 0.0302044 0.0228798 0.0169488 0.0122374 0.00875363 0.0174641 
2013 0.00296811 0.0154061 0.038375 0.0813735 0.126671 0.151123 0.139011 0.100299 0.0672739 0.0509965 0.0440824 0.0406303 0.0360806 0.0291887 0.022208 0.0165181 0.0120246 0.00853583 0.017235 
resids (last class is a plus group):
class       3       4       5       6       7       8       9      10      11      12      13      14      15      16      17      18      19      20      21 
1990 -0.000635769 -0.000456157 -0.00132142 -0.014346 -0.00459378 0.00839866 0.00213614 0.0289645 0.0208944 -0.0132626 -0.00565119 -0.0154808 0.00929287 -0.015911 -0.0110145 0.00778489 0.00169647 -0.00893905 0.0124444 
1992 0.00205828 0.0107423 0.00864344 0.00105563 -0.000515189 0.0149472 0.00813741 0.0317171 -0.0395597 0.0378996 -0.05984 0.00418567 -0.000315875 -0.015127 -0.00196396 0.0155733 -0.00466497 0.000630894 -0.0136041 
1993 -0.00167955 -0.00146201 -0.00132875 0.00314133 -0.012311 -0.0064387 -0.00619398 -0.0116002 0.0297227 0.0165973 0.0834673 -0.0518287 0.00929421 -0.026257 -0.00853996 0.0145086 -0.0131756 -0.00276097 -0.013155 
1994 0.00660271 0.0240362 0.0323402 0.0088788 -0.0205139 0.0542466 -0.0193232 0.00956841 -0.0246275 -0.0113211 -0.0781357 0.133963 -0.0839036 0.00693177 -0.0145194 -0.00486265 0.00281436 -0.0036511 -0.0186242 
1996 -0.000552079 0.0355798 0.0550713 0.0452335 -0.0348794 0.0230505 -0.0351819 -0.0242942 0.00746752 -0.0375533 0.0331615 -0.0337679 -0.0574883 -0.0193778 -0.00474943 0.0122299 -0.0145254 -0.0109379 0.0615136 
1998 0.00653422 0.0118204 0.0502144 0.0602934 0.00143145 -0.019894 -0.0185228 0.0251847 0.0102973 0.0158111 -0.0126006 -0.032255 -0.00435423 -0.00137554 -0.0378527 -0.0304858 -0.0210838 -0.0159407 0.0125781 
1999 0.0232804 0.0435981 0.0383009 0.0239545 -0.0172248 -0.0298247 0.00534906 -0.0075145 0.011992 0.0317365 0.00593181 0.000798657 -0.0183208 -0.0185869 -0.00617571 -0.00790574 -0.031792 -0.02042 -0.0271767 
2000 -0.00158729 0.00622165 -0.0147884 -0.0394967 -0.012529 0.000260378 0.0152818 0.0114447 0.0218077 -0.00169038 0.0125237 -0.00150488 -0.0105755 0.0210114 0.00180443 -0.00735386 -0.00613374 -0.00720058 0.0123047 
2001 0.00503504 0.0396309 0.0200966 -0.000764736 -0.00570806 -0.0100637 -0.00455541 -0.0153578 -0.0169724 -0.00236361 0.0060714 0.00128254 -0.00398206 0.00952439 -0.0127669 -0.00430697 -0.0104597 -0.0150553 0.0205157 
2002 -0.00455201 -0.000522197 -0.00315767 -0.0376169 -0.0518479 -0.029573 0.00125716 0.0216393 0.023897 -0.00361313 0.0101765 0.0123661 0.0175153 0.00482767 -0.00111625 0.0112151 0.00645536 0.00116876 0.0213807 
2003 -0.0031163 -0.000953366 0.00136888 -0.0214362 -0.000113829 -0.0448199 -0.0113311 0.00403735 0.0227937 -0.000265047 0.0270273 0.005099 0.020871 -0.00309458 -0.00487273 0.00316857 0.00340476 0.0121575 -0.00992506 
2004 -0.00373253 -0.00588018 -0.00814359 -0.0389077 -0.0547248 -0.0382167 0.0125447 -0.0129972 0.0221897 0.0558759 0.0290538 -0.00178992 0.0116119 0.00611292 -0.00714833 -0.00137336 0.00613467 0.0062298 0.0230608 
2005 -0.00364272 -0.00799574 -0.0141812 -0.0149639 0.00264083 -0.00333503 -0.0278051 0.0462362 0.023214 -0.013976 -0.0117824 -0.0135587 0.0252932 -0.00902073 -0.00060153 -0.00159632 0.0081698 -0.00163922 0.0185447 
2006 -0.00520188 -0.0101629 -0.00251293 0.063554 -0.0136217 0.00277701 0.00362801 -0.00289556 -0.00499522 0.0678412 -0.0177235 -0.00542832 -0.0221149 -0.0168927 -0.0118151 -0.0127398 0.00453439 -0.00626445 -0.0098657 
2007 -0.00606213 -0.0107874 -0.0157926 0.000505507 0.0326045 0.00721991 0.0274323 -0.0242148 -0.00646853 0.0352375 -0.0216888 -0.0142747 -0.000465375 -0.0156172 0.00097546 0.00578039 -0.00551287 -0.0010969 0.0123258 
2008 -0.00756548 -0.014149 -0.00365443 0.0468026 0.0390027 0.017425 0.0159507 -0.0128111 -0.018143 -0.00532263 -0.00969047 0.00324926 -0.01215 -0.0023527 -0.00450721 -0.0144319 -0.00894369 -0.00760062 -0.00100817 
2009 -0.00700229 0.0258296 0.0700265 0.0543517 0.0526381 -0.00118533 -0.0258035 -0.0319344 -0.0438738 -0.0269843 -0.0289586 0.00693579 -0.00298758 -0.0158934 -0.00917823 -0.00765712 -0.000168516 -0.00827575 0.000121261 
2010 -0.005756 0.00853818 0.0421331 0.0514276 0.0435896 -0.0111548 -0.0116368 -0.0338186 -0.0356325 -0.0127886 -0.0196574 -0.0182414 0.00324931 0.00152205 0.00656983 0.00473301 -0.00396499 -0.00472284 -0.00428878 
2011 -0.00538983 -0.0179502 -0.0314566 -0.0179705 0.0157572 0.0294284 0.00587856 0.0108036 -0.0225321 -0.00481733 0.00315241 0.00784831 -0.017422 0.0232719 0.00823384 0.0191341 0.00989848 -0.00288152 -0.0127868 
2012 -0.00572506 -0.0119201 -0.0250899 -0.055782 -0.0338574 0.0302929 0.0494283 0.0237022 -0.00806629 -0.00584803 -0.00221114 -0.00170686 0.00677157 0.00109556 0.00772016 0.0130512 0.00986263 0.00204637 0.00643588 
2013 -0.00286811 -0.0124061 -0.025975 -0.0243735 -0.0158711 -0.00192265 0.034589 0.00560144 -0.00367392 -0.00749653 -0.00608242 -0.00273026 0.0192194 0.00571132 -0.00470798 0.0128819 0.0108754 0.00956417 0.00966497 
pearson_resids (last class is a plus group):
class       3       4       5       6       7       8       9      10      11      12      13      14      15      16      17      18      19      20      21 
1990 -0.0585385 -0.0288696 -0.0495797 -0.328466 -0.0752919 0.13947 0.0235275 0.252793 0.20591 -0.153902 -0.0759572 -0.259372 0.192104 -0.405709 -0.315396 0.237114 0.0566356 -0.338693 0.304837 
1992 0.259615 0.858052 0.475645 0.0467534 -0.016887 0.377636 0.17942 0.727816 -0.715914 0.578755 -0.993717 0.0832318 -0.00744909 -0.443653 -0.072696 0.716547 -0.252268 0.0377875 -0.502211 
1993 -0.155018 -0.0933859 -0.0591232 0.106959 -0.369603 -0.160982 -0.132376 -0.229551 0.596811 0.272614 1.18444 -0.7905 0.169687 -0.576947 -0.233453 0.505158 -0.575154 -0.144466 -0.420558 
1994 0.326367 0.729655 0.742837 0.157368 -0.309231 0.793885 -0.262232 0.117945 -0.287813 -0.131123 -0.763577   1.155 -0.771258 0.076062 -0.194393 -0.0812329 0.0603289 -0.0991723 -0.334506 
1996 -0.0274817 0.956954 1.05511 0.661567 -0.463072 0.291241 -0.456285 -0.347939 0.109358 -0.51977 0.442123 -0.436076 -0.658997 -0.203469 -0.0527592 0.161015 -0.238367 -0.227211 1.02407 
1998 0.348223 0.411523 1.17772 0.976151 0.0200107 -0.261693 -0.261503 0.397157 0.181601 0.312852 -0.260347 -0.648734 -0.0853347 -0.0261103 -0.66441 -0.507247 -0.371249 -0.330417 0.215034 
1999 1.79882 1.92271 1.21534 0.566736 -0.3174 -0.520471 0.09613 -0.152397 0.279393 0.835229 0.175496 0.0249287 -0.565099 -0.562434 -0.181981 -0.219426 -0.850348 -0.579358 -0.590029 
2000 -0.150408 0.356216 -0.542882 -1.15084 -0.303548 0.00549538 0.329758 0.270373 0.592495 -0.0532501 0.449657 -0.0609656 -0.456932 0.910905 0.0773802 -0.309607 -0.247601 -0.28467 0.320256 
2001 0.343154 1.68858 0.570811 -0.0156685 -0.102478 -0.167454 -0.0726739 -0.262192 -0.325764 -0.0524748 0.157451 0.0382623 -0.134748 0.347663 -0.474855 -0.160043 -0.385473 -0.541247 0.409452 
2002 -0.395826 -0.0258492 -0.10802 -0.954075 -1.06466 -0.58319 0.0252094 0.443614 0.532546 -0.0913334 0.299198 0.427722 0.703649 0.221495 -0.0559144 0.581609 0.338452 0.061505 0.552886 
2003 -0.217485 -0.0337983 0.0309235 -0.370816 -0.00162876 -0.576944 -0.151108 0.0580566 0.345271 -0.00438993 0.51122 0.112881 0.547396 -0.095204 -0.172639 0.124159 0.140437 0.51406 -0.193581 
2004 -0.357828 -0.332623 -0.263904 -0.9002 -1.07552 -0.690703 0.223188 -0.251151 0.473854 1.27578 0.729799 -0.0516473 0.39474 0.247924 -0.343426 -0.0767161 0.384179 0.417775 0.69747 
2005 -0.201362 -0.26325 -0.301563 -0.206665 0.0291495 -0.0344958 -0.289755 0.503845 0.279481 -0.187447 -0.171222 -0.218304 0.47029 -0.198913 -0.0159355 -0.0505855 0.304224 -0.0694053 0.366921 
2006 -0.454419 -0.616658 -0.1009 1.82384 -0.287792 0.0518857 0.0687911 -0.0585641 -0.108476  1.6357 -0.479272 -0.161128 -0.733119 -0.65013 -0.542846 -0.708429 0.30467 -0.500516 -0.405684 
2007 -0.244012 -0.305555 -0.338792 0.00801241 0.412129 0.0756298 0.275803 -0.259335 -0.0756537 0.447746 -0.307445 -0.228464 -0.00827997 -0.313037 0.0228225 0.162512 -0.189029 -0.0459129 0.300075 
2008 -0.475555 -0.562836 -0.112556 1.19794 0.824682 0.326584 0.272879 -0.220489 -0.338172 -0.109245 -0.21836 0.0821533 -0.34928 -0.0761351 -0.165894 -0.623798 -0.467666 -0.48872 -0.0423141 
2009 -0.451191 1.02003 1.95211 1.29103 1.14747 -0.0238502 -0.504392 -0.60664 -0.852932 -0.570659 -0.679337 0.180503 -0.0878273 -0.535105 -0.352088 -0.337459 -0.00877846 -0.524945 0.00542876 
2010 -0.499833 0.441479 1.48527  1.4276 1.13225 -0.293357 -0.311828 -0.930835 -0.98019 -0.362865 -0.609204 -0.631778 0.126158 0.0672615 0.33506 0.278293 -0.270678 -0.38382 -0.254112 
2011 -0.458085 -0.854499 -0.992881 -0.431042 0.330048 0.627706 0.138367 0.277175 -0.60692 -0.131491 0.0894648 0.244343 -0.610705 0.924116 0.375284 1.01481 0.612403 -0.209309 -0.672097 
2012 -0.685389 -0.827731 -1.09127 -1.79221 -0.917323 0.784923  1.4022 0.786183 -0.300764 -0.231242 -0.0897485 -0.0726674 0.317774 0.0583174 0.470397 0.921152 0.817262 0.200142 0.44761 
2013 -0.380192 -0.726376 -0.975058 -0.642848 -0.344098 -0.0387093 0.720968 0.134464 -0.105762 -0.24573 -0.213666 -0.0997212 0.743163 0.24466 -0.230387 0.728817 0.71951  0.7497 0.535515 
objective function: multinomial likelihood, with delta = 1e-011, N =
13 13 13 13 13 13 13 13 13 13 13 13 13 13 13 13 13 13 13 
34 34 34 34 34 34 34 34 34 34 34 34 34 34 34 34 34 34 34 
27 27 27 27 27 27 27 27 27 27 27 27 27 27 27 27 27 27 27 
9 9 9 9 9 9 9 9 9 9 9 9 9 9 9 9 9 9 9 
10 10 10 10 10 10 10 10 10 10 10 10 10 10 10 10 10 10 10 
16 16 16 16 16 16 16 16 16 16 16 16 16 16 16 16 16 16 16 
31 31 31 31 31 31 31 31 31 31 31 31 31 31 31 31 31 31 31 
49 49 49 49 49 49 49 49 49 49 49 49 49 49 49 49 49 49 49 
28 28 28 28 28 28 28 28 28 28 28 28 28 28 28 28 28 28 28 
41 41 41 41 41 41 41 41 41 41 41 41 41 41 41 41 41 41 41 
19 19 19 19 19 19 19 19 19 19 19 19 19 19 19 19 19 19 19 
36 36 36 36 36 36 36 36 36 36 36 36 36 36 36 36 36 36 36 
12 12 12 12 12 12 12 12 12 12 12 12 12 12 12 12 12 12 12 
41 41 41 41 41 41 41 41 41 41 41 41 41 41 41 41 41 41 41 
12 12 12 12 12 12 12 12 12 12 12 12 12 12 12 12 12 12 12 
32 32 32 32 32 32 32 32 32 32 32 32 32 32 32 32 32 32 32 
35 35 35 35 35 35 35 35 35 35 35 35 35 35 35 35 35 35 35 
61 61 61 61 61 61 61 61 61 61 61 61 61 61 61 61 61 61 61 
48 48 48 48 48 48 48 48 48 48 48 48 48 48 48 48 48 48 48 
83 83 83 83 83 83 83 83 83 83 83 83 83 83 83 83 83 83 83 
52 52 52 52 52 52 52 52 52 52 52 52 52 52 52 52 52 52 52 

Output quantities start here

* Scalar parameter values
q[subaTANqA].q 0.041804
q[subaTANqB].q 0.0534649
q[subaTANqC].q 0.0536379
initialization.B0 64436.2

* Vector parameter values
recruitment.YCS 0.38107 0.447653 1.64987 0.483341 3.11418 0.356154 5.12368 0.323905 0.393145 0.982413 0.440088 0.3813 0.29977 0.434506 0.427337 0.482462 0.647967 0.634403 0.761424 0.560761 0.648284 0.76131 0.644251 0.681409 0.736239 0.631792 0.437045 0.467807 0.45026 0.633555 0.842731 0.881316 0.899895 0.863082 0.727564 0.695881 0.32088 0.396039 0.396035 0.396031 

* Ogive parameter values
natural_mortality.ogive_all 0.635888 0.479895 0.362169 0.273323 0.206273 0.155671 0.117482 0.0886621 0.0942875 0.103396 0.113384 0.124336 0.136347 0.149518 0.163962 0.1798 0.197169 0.216215 0.237102 0.260005 0.285122 0.312664 0.342868 0.375988 0.412309 0.452138 0.495814 0.543709 0.596231 0.653827 
selectivity[subaTANselA].all 0.000414638 0.0216108 0.281625 0.917638 0.999577 0.997267 0.992959 0.986679 0.978464 0.968363 0.956437 0.942756 0.9274 0.910456 0.892022 0.872202 0.851104 0.828845 0.805543 0.781319 0.756297 0.730603 0.704361 0.677693 0.650723 0.623567 0.596342 0.569157 0.542117 0.515322 
selectivity[subaTANselB].all 0.0391687 0.0760145 0.136748 0.228043 0.352516 0.505138 0.67098 0.826185 0.943005 0.997743 0.997246 0.985228 0.964003 0.934172 0.896568 0.85221 0.802263 0.747988 0.690685 0.631644 0.572099 0.51319 0.455924 0.401156 0.349576 0.301702 0.257882 0.218308 0.183032 0.151982 
selectivity[subaFsel].all 0.000425416 0.00254982 0.0120885 0.0453316 0.134461 0.31547 0.585447 0.859376 0.997804 0.998706 0.993985 0.985854 0.974395 0.959728 0.942002 0.921394 0.89811 0.872376 0.844439 0.81456 0.783012 0.750073 0.716027 0.681155 0.645732 0.610026 0.574296 0.538782 0.50371 0.469287 

* B0
64436.2

* SSBs
SSB 64383.1 64195.1 63874.9 63296.3 62579.9 61911.3 61229.2 61424.1 62836.6 66225.6 71765.4 79233.2 87222.2 93079.6 95859.1 94973.8 91227.5 85490.2 77872.7 70671.3 64519 58425.1 53253 48943.5 45081.6 41902.9 39422.9 37818 36700.7 35541.3 34553.8 33784 33194.5 32599.8 31816.4 31671.1 32625.5 34120.9 35605.8 37004.2 
year 1975 1976 1977 1978 1979 1980 1981 1982 1983 1984 1985 1986 1987 1988 1989 1990 1991 1992 1993 1994 1995 1996 1997 1998 1999 2000 2001 2002 2003 2004 2005 2006 2007 2008 2009 2010 2011 2012 2013 2014 

* YCS
YCS 0.475555 0.558646 2.05895 0.603183 3.88633 0.444461 6.39407 0.404216 0.490623 1.226 0.549206 0.475842 0.374097 0.54224 0.533294 0.602086 0.808628 0.7917 0.950216 0.6998 0.809023 0.950073 0.80399 0.850361 0.918786 0.788441 0.545408 0.583797 0.5619 0.790643 1.05168 1.09983 1.12302 1.07708 0.907961 0.868422 0.400441 0.396039 0.396035 0.396031 
year 1974 1975 1976 1977 1978 1979 1980 1981 1982 1983 1984 1985 1986 1987 1988 1989 1990 1991 1992 1993 1994 1995 1996 1997 1998 1999 2000 2001 2002 2003 2004 2005 2006 2007 2008 2009 2010 2011 2012 2013 

* true_YCS
true_YCS 0.475555 0.558618 2.05846 0.602852 3.88196 0.443639 6.37781 0.402897 0.489124 1.22405 0.550135 0.478899 0.378515 0.55124 0.543752 0.614679 0.825211 0.806503 0.96507 0.707429 0.813508 0.95015 0.798853 0.839345 0.900962 0.767838 0.527673 0.56153 0.538223 0.754983 1.00083 1.04344 1.06276 1.01724 0.85573 0.816126 0.376122 0.373291 0.3752 0.376955 
year 1974 1975 1976 1977 1978 1979 1980 1981 1982 1983 1984 1985 1986 1987 1988 1989 1990 1991 1992 1993 1994 1995 1996 1997 1998 1999 2000 2001 2002 2003 2004 2005 2006 2007 2008 2009 2010 2011 2012 2013 

* actual_catches
catch 120 281 372 762 364 350 272 179 448 722 525 818 713 1095 1237 1897 2381 2810 3941 1596 1995 2779 1915 2958 2854 3108 2820 2444 2777 3223 2592 2541 1711 2329 2446 1927 1319 1900 1859 1800 
year 1975 1976 1977 1978 1979 1980 1981 1982 1983 1984 1985 1986 1987 1988 1989 1990 1991 1992 1993 1994 1995 1996 1997 1998 1999 2000 2001 2002 2003 2004 2005 2006 2007 2008 2009 2010 2011 2012 2013 2014 

* fishing_pressures
pressure 0.00192653 0.0045189 0.00600654 0.012378 0.00599472 0.00583436 0.0046026 0.00305006 0.00746703 0.0113189 0.00750792 0.0104147 0.00812011 0.011489 0.0126205 0.019928 0.0262523 0.0332972 0.0514605 0.0235559 0.0324294 0.0498591 0.0380335 0.0631437 0.0657059 0.0760825 0.0729784 0.0656161 0.0756853 0.0893914 0.0739346 0.0736868 0.0509619 0.0703887 0.076065 0.0607949 0.0406018 0.0550849 0.0512957 0.04759 
year 1975 1976 1977 1978 1979 1980 1981 1982 1983 1984 1985 1986 1987 1988 1989 1990 1991 1992 1993 1994 1995 1996 1997 1998 1999 2000 2001 2002 2003 2004 2005 2006 2007 2008 2009 2010 2011 2012 2013 2014 

* subaTANbiomassAPR.fits
1992  4169.73 
1993  3709.62 
1996  2685.96 
1998  2241.71 

* subaTANbiomassDEC.fits
1992  3664.58 
1993  3358.1 
1994  3088.61 
2001  2042.54 
2002  1995.52 
2003  1946.18 
2004  1864.61 
2005  1785.06 
2006  1729.07 
2007  1719.58 
2008  1754.6 
2009  1789.53 
2010  1839.02 
2012  1964.54 
2013  1985.62 

* subaTANbiomassSEP.fits
1992  4076.94 

* subaTANageAPR.fits
1992  0.0208336 0.0231518 0.0271658 0.0260861 0.0357364 0.0539113 0.0706917 0.0662086 0.11378 0.170933 0.137722 0.0891347 0.0601546 0.0369293 0.0220354 0.0134779 0.00912036 0.00701518 0.0159114 
1993  0.0312632 0.0291499 0.0321821 0.0360425 0.034171 0.0428299 0.0587468 0.0705421 0.0684375 0.105929 0.148902 0.123683 0.0801703 0.0522605 0.0320312 0.0186957 0.0112007 0.00725195 0.0165098 
1996  0.0363692 0.0585265 0.0622995 0.0707144 0.0647146 0.0613573 0.0559768 0.0461658 0.0445672 0.0498471 0.0531836 0.0552498 0.0693457 0.0828677 0.071768 0.0481141 0.0290352 0.0171038 0.0227936 
1998  0.052093 0.0551347 0.0637863 0.0908022 0.0935256 0.091985 0.0758523 0.060603 0.0482795 0.0376368 0.033788 0.0349511 0.0358613 0.0367289 0.0415214 0.0453427 0.0393111 0.0270264 0.0357707 

* subaTANageDEC.fits
1990  0.0301401 0.0466622 0.0495961 0.0557897 0.0721303 0.0504115 0.100413 0.177202 0.128661 0.0868742 0.062434 0.0388309 0.0250193 0.0162703 0.0128744 0.0113923 0.00949887 0.00739534 0.0184043 
1992  0.0407443 0.0771341 0.0640953 0.0423813 0.0424745 0.0516515 0.0613418 0.054538 0.0914449 0.137435 0.111518 0.0733563 0.0504406 0.0317955 0.0196686 0.0126595 0.00917879 0.0075127 0.0206291 
1993  0.0575217 0.092412 0.0711607 0.0565348 0.0399666 0.0398765 0.0482263 0.0551821 0.0529759 0.0822226 0.116109 0.0974675 0.0645935 0.043201 0.0273182 0.0166373 0.0105516 0.0073709 0.020672 
1994  0.0608298 0.127463 0.0839642 0.0624474 0.050164 0.0372185 0.0365262 0.0432177 0.0481382 0.0487877 0.0707233 0.0945279 0.0812815 0.0545837 0.0356075 0.02246 0.01351 0.00840313 0.0201464 
2001  0.0789445 0.155353 0.129904 0.118992 0.0909379 0.0739606 0.069439 0.0572093 0.0436506 0.0316844 0.0227213 0.0169356 0.0130579 0.0111984 0.0108136 0.0108924 0.0111605 0.0118299 0.0413162 
2002  0.0699017 0.167445 0.133934 0.109426 0.100102 0.0785638 0.0635861 0.0577132 0.0474347 0.0358129 0.0258505 0.0183563 0.0134647 0.0102702 0.00861649 0.0080712 0.00794836 0.00795815 0.0355454 
2003  0.0517824 0.151754 0.146892 0.115894 0.0969408 0.0878168 0.0696007 0.0556976 0.0490981 0.0401547 0.0300758 0.0215469 0.0151507 0.0109317 0.008224 0.00673976 0.00611823 0.00586937 0.0297115 
2004  0.0554595 0.115061 0.13669 0.128607 0.104817 0.0882141 0.0780743 0.0618855 0.0489913 0.042085 0.0341491 0.0254101 0.0180481 0.0125635 0.00891676 0.00659901 0.00527597 0.00463756 0.0245151 
2005  0.0571626 0.123944 0.105993 0.118333 0.113696 0.0942222 0.0784485 0.0676111 0.0535232 0.0419971 0.0352077 0.0282704 0.0209058 0.0147108 0.0101317 0.00707028 0.00513407 0.00399784 0.01964 
2006  0.0790031 0.123711 0.108166 0.091954 0.101594 0.0984455 0.0818273 0.0671797 0.0566648 0.0447569 0.0348134 0.028505 0.0225993 0.0166004 0.0115674 0.00787326 0.00539804 0.00383625 0.0155048 
2007  0.101396 0.162014 0.104328 0.0862187 0.0763912 0.0829338 0.0799177 0.0661997 0.0536805 0.0444355 0.0349292 0.0269181 0.0215399 0.0168282 0.0122665 0.00846017 0.00568398 0.00382561 0.0120336 
2008  0.10106 0.200247 0.130083 0.0825746 0.0680883 0.0618377 0.0653272 0.0622717 0.0514607 0.0412997 0.0335817 0.0262058 0.0199947 0.0156468 0.0120275 0.00868795 0.0059289 0.00392827 0.00974847 
2009  0.0975107 0.200932 0.160199 0.10266 0.0670927 0.0547359 0.049756 0.0508487 0.0478771 0.0394846 0.031376 0.025074 0.0193863 0.0146347 0.0112113 0.0084698 0.00605564 0.00408926 0.00860602 
2010  0.0899313 0.195996 0.163666 0.125982 0.0835957 0.0555511 0.0443911 0.0399799 0.0396681 0.0368759 0.0303306 0.023863 0.0187464 0.0143317 0.0106931 0.00802294 0.00594913 0.00420309 0.00822306 
2012  0.0701066 0.156296 0.155136 0.134394 0.112511 0.0890757 0.0613167 0.0408427 0.0313245 0.0274705 0.0258904 0.0233631 0.0190406 0.0146709 0.0111355 0.00827621 0.00600402 0.00432069 0.00882453 
2013  0.0383298 0.152383 0.139231 0.133061 0.118664 0.100561 0.0790927 0.0544643 0.0361523 0.0272352 0.0234466 0.0215629 0.0191372 0.0154929 0.0118115 0.00881443 0.00644575 0.00460268 0.00951149 

* subaTANageSEP.fits
1992  0.0334083 0.0297328 0.0318389 0.0350974 0.0330768 0.0415334 0.057393 0.0692478 0.0676563 0.105499 0.148673 0.123899 0.0808136 0.053011 0.0326987 0.0192365 0.0116362 0.00762827 0.0179199 

* subaOBSage.fits
1990  0.00153577 0.00325616 0.00932142 0.025446 0.0509938 0.0496013 0.122064 0.218336 0.159206 0.108263 0.0780512 0.0486808 0.0314071 0.020411 0.0161145 0.0142151 0.0118035 0.00913905 0.0221556 
1992  0.00214172 0.0053577 0.0113566 0.0176444 0.0327152 0.0564528 0.0756626 0.0693829 0.11766 0.1772 0.14404 0.0950143 0.0654159 0.041227 0.025464 0.0163267 0.011765 0.00956911 0.0256041 
1993  0.00317955 0.00666201 0.0138288 0.0238587 0.030911 0.0452387 0.063094 0.0745002 0.0721773 0.112803 0.159533 0.134029 0.0889058 0.059457 0.03754 0.0227914 0.0143756 0.00996097 0.027155 
1994  0.00369729 0.0098638 0.0173598 0.0295212 0.0413139 0.0439534 0.0515232 0.0632316 0.0709275 0.0723211 0.105336 0.140937 0.121204 0.0813682 0.0530194 0.0333626 0.0199856 0.0123511 0.0287242 
1996  0.00405208 0.0140202 0.0280287 0.0491665 0.0603794 0.0671495 0.0634819 0.0513942 0.0490325 0.0552533 0.0598385 0.0640679 0.0829883 0.100878 0.0889494 0.0614701 0.0386254 0.0237379 0.0374864 
1998  0.00566578 0.0133796 0.0299856 0.0653066 0.0899686 0.103094 0.0880228 0.0691153 0.0544027 0.0426889 0.0390006 0.041255 0.0435542 0.0465755 0.0549527 0.0615858 0.0545838 0.0387407 0.0581219 
1999  0.00521961 0.0162019 0.0317991 0.0588455 0.101625 0.115025 0.107551 0.0821145 0.060808 0.0469635 0.0367682 0.0329013 0.0337208 0.0350869 0.0370757 0.0420057 0.045392 0.04012 0.0707767 
2000  0.00548729 0.0151783 0.0377884 0.0614967 0.091929 0.12584 0.119518 0.0972553 0.0714923 0.0520904 0.0395763 0.0308049 0.0269755 0.0267886 0.0273956 0.0284539 0.0310337 0.0324006 0.0784953 
2001  0.00606496 0.0156691 0.0360034 0.0718647 0.0961081 0.114164 0.125855 0.107658 0.0828724 0.0604636 0.0435286 0.0325175 0.0250821 0.0214756 0.0206669 0.020707 0.0210597 0.0221553 0.0760843 
2002  0.00545201 0.0170222 0.0363577 0.0684169 0.109148 0.119773 0.115243 0.109561 0.090803 0.0689131 0.0499235 0.0355339 0.0260847 0.0198723 0.0166162 0.0154849 0.0151446 0.0150312 0.0656193 
2003  0.0039163 0.0153534 0.0387311 0.0681362 0.103514 0.13212 0.121631 0.102363 0.0911063 0.074865 0.0562727 0.040401 0.028429 0.0204946 0.0153727 0.0125314 0.0112952 0.0107425 0.0527251 
2004  0.00393253 0.0113802 0.0355436 0.0725077 0.104025 0.126117 0.130855 0.108097 0.0864103 0.0746241 0.0607462 0.0452899 0.0321881 0.0223871 0.0158483 0.0116734 0.00926533 0.0080702 0.0410392 
2005  0.00394272 0.0111957 0.0272812 0.0674639 0.110759 0.128735 0.126505 0.114064 0.091086 0.071876 0.0604824 0.0486587 0.0360068 0.0253207 0.0174015 0.0120963 0.0087302 0.00673922 0.0316553 
2006  0.00540188 0.0112629 0.0261129 0.052546 0.102322 0.135923 0.131272 0.112996 0.0961952 0.0763588 0.0596235 0.0489283 0.0388149 0.0284927 0.0198151 0.0134398 0.00916561 0.00646445 0.0248657 
2007  0.00746213 0.0151874 0.0267926 0.0502945 0.0817955 0.12498 0.137668 0.118715 0.0971685 0.0808625 0.0637888 0.0492747 0.0394654 0.0308172 0.0224245 0.0154196 0.0103129 0.0068969 0.0206742 
2008  0.00816548 0.020649 0.0349544 0.0514974 0.0775973 0.101375 0.124949 0.123211 0.102643 0.0828226 0.0675905 0.0528507 0.04035 0.0315527 0.0242072 0.0174319 0.0118437 0.00780062 0.0185082 
2009  0.00850229 0.0229704 0.0472735 0.0664483 0.0800619 0.0955853 0.102004 0.108834 0.103274 0.0855843 0.0682586 0.0546642 0.0422876 0.0318934 0.0243782 0.0183571 0.0130685 0.00877575 0.0177787 
2010  0.008156 0.0233618 0.0517669 0.0866724 0.10051 0.0977548 0.0937368 0.0883186 0.0884325 0.0825886 0.0681574 0.0537414 0.0422507 0.0322779 0.0240302 0.017967 0.013265 0.00932284 0.0176888 
2011  0.00668983 0.0216502 0.0507566 0.0918705 0.125043 0.119872 0.0958214 0.0791964 0.0712321 0.0692173 0.0636476 0.0522517 0.040722 0.0314281 0.0236662 0.0173659 0.0127015 0.00918152 0.0176868 
2012  0.00582506 0.0175201 0.0459899 0.088182 0.129957 0.144507 0.116772 0.0821978 0.0637663 0.056248 0.0532111 0.0481069 0.0392284 0.0302044 0.0228798 0.0169488 0.0122374 0.00875363 0.0174641 
2013  0.00296811 0.0154061 0.038375 0.0813735 0.126671 0.151123 0.139011 0.100299 0.0672739 0.0509965 0.0440824 0.0406303 0.0360806 0.0291887 0.022208 0.0165181 0.0120246 0.00853583 0.017235 

* subaTANbiomassAPR.normalised_resids
1992  0.88329 
1993  -0.4667 
1996  -1.11007 
1998  0.625503 

* subaTANbiomassDEC.normalised_resids
1992  1.20054 
1993  -2.25994 
1994  -0.688646 
2001  1.16942 
2002  0.440859 
2003  -0.23475 
2004  -0.216781 
2005  -0.0421777 
2006  -0.528864 
2007  -0.323462 
2008  1.51202 
2009  0.861578 
2010  -0.737951 
2012  0.215757 
2013  0.0867223 

* subaTANbiomassSEP.normalised_resids
1992  -0.205569 

* subaTANbiomassAPR
1992  81578 
1993  73444.4 
1994  65733.6 
1995  59327.2 
1996  53272.1 
1997  48370.4 
1998  44543.5 
1999  41430 
2000  39152 
2001  37547.9 
2002  36676.1 
2003  36116.9 
2004  35352.2 
2005  34606.7 
2006  34041.3 
2007  33740.3 
2008  33492.9 
2009  33055.9 
2010  33156.9 
2011  34198.8 
2012  35611.2 
2013  36875 

* subaTANbiomassDEC
1992  90077.3 
1993  82987.9 
1994  75847.8 
1995  71063.8 
1996  66571.2 
1997  61718.9 
1998  58432.4 
1999  55348.3 
2000  52752.2 
2001  50669 
2002  49400.4 
2003  48260.2 
2004  46366.8 
2005  44235.6 
2006  42852.6 
2007  42407.7 
2008  43459.7 
2009  44361.2 
2010  45428 
2011  46907.9 
2012  48441.2 
2013  48912.9 

Output quantities finish here

Unused parameters:
annual_cycle.maturation_times annual_cycle.n_migrations MCMC.adapt_at MCMC.adaptive_stepsize MCMC.burn_in MCMC.keep MCMC.length MCMC.proposal_t MCMC.start profile[1].element profile[1].l profile[1].n profile[1].parameter profile[1].u B_pre.mature_only B_pre.proportion_mortality B_pre.step MCY_CAY.F_CAY_guess MCY_CAY.MCY_guess MCY_CAY.do_CAY MCY_CAY.do_MCY MCY_CAY.interactive MCY_CAY.n_discard MCY_CAY.n_keep MCY_CAY.n_simulations print.final_state print.initial_state print.requests print.results print.state_annually print.state_every_step print.yields 
